0 info it worked if it ends with ok
1 verbose cli [ '/usr/bin/nodejs', '/usr/bin/npm', 'install', 'epoch' ]
2 info using npm@3.10.7
3 info using node@v4.5.0
4 silly loadCurrentTree Starting
5 silly install loadCurrentTree
6 silly install readLocalPackageData
7 silly fetchPackageMetaData epoch
8 silly fetchNamedPackageData epoch
9 silly mapToRegistry name epoch
10 silly mapToRegistry using default registry
11 silly mapToRegistry registry https://registry.npmjs.org/
12 silly mapToRegistry data Result {
12 silly mapToRegistry   raw: 'epoch',
12 silly mapToRegistry   scope: null,
12 silly mapToRegistry   escapedName: 'epoch',
12 silly mapToRegistry   name: 'epoch',
12 silly mapToRegistry   rawSpec: '',
12 silly mapToRegistry   spec: 'latest',
12 silly mapToRegistry   type: 'tag' }
13 silly mapToRegistry uri https://registry.npmjs.org/epoch
14 verbose request uri https://registry.npmjs.org/epoch
15 verbose request no auth needed
16 info attempt registry request try #1 at 11:06:10 PM
17 verbose request id d7f3931e6c0a0fd2
18 http request GET https://registry.npmjs.org/epoch
19 http 200 https://registry.npmjs.org/epoch
20 verbose headers { server: 'nginx/1.10.1',
20 verbose headers   'content-type': 'application/json',
20 verbose headers   'last-modified': 'Thu, 08 Nov 2012 23:19:56 GMT',
20 verbose headers   etag: 'W/"509c3e1c-10f9"',
20 verbose headers   'content-encoding': 'gzip',
20 verbose headers   'cache-control': 'max-age=300',
20 verbose headers   'content-length': '1152',
20 verbose headers   'accept-ranges': 'bytes',
20 verbose headers   date: 'Fri, 25 Nov 2016 17:36:11 GMT',
20 verbose headers   via: '1.1 varnish',
20 verbose headers   age: '0',
20 verbose headers   connection: 'keep-alive',
20 verbose headers   'x-served-by': 'cache-sin6926-SIN',
20 verbose headers   'x-cache': 'MISS',
20 verbose headers   'x-cache-hits': '0',
20 verbose headers   'x-timer': 'S1480095371.085175,VS0,VE467',
20 verbose headers   vary: 'Accept-Encoding' }
21 silly get cb [ 200,
21 silly get   { server: 'nginx/1.10.1',
21 silly get     'content-type': 'application/json',
21 silly get     'last-modified': 'Thu, 08 Nov 2012 23:19:56 GMT',
21 silly get     etag: 'W/"509c3e1c-10f9"',
21 silly get     'content-encoding': 'gzip',
21 silly get     'cache-control': 'max-age=300',
21 silly get     'content-length': '1152',
21 silly get     'accept-ranges': 'bytes',
21 silly get     date: 'Fri, 25 Nov 2016 17:36:11 GMT',
21 silly get     via: '1.1 varnish',
21 silly get     age: '0',
21 silly get     connection: 'keep-alive',
21 silly get     'x-served-by': 'cache-sin6926-SIN',
21 silly get     'x-cache': 'MISS',
21 silly get     'x-cache-hits': '0',
21 silly get     'x-timer': 'S1480095371.085175,VS0,VE467',
21 silly get     vary: 'Accept-Encoding' } ]
22 verbose get saving epoch to /home/lakshan/.npm/registry.npmjs.org/epoch/.cache.json
23 verbose correctMkdir /home/lakshan/.npm correctMkdir not in flight; initializing
24 silly install normalizeTree
25 silly loadCurrentTree Finishing
26 silly loadIdealTree Starting
27 silly install loadIdealTree
28 silly cloneCurrentTree Starting
29 silly install cloneCurrentTreeToIdealTree
30 silly cloneCurrentTree Finishing
31 silly loadShrinkwrap Starting
32 silly install loadShrinkwrap
33 silly loadShrinkwrap Finishing
34 silly loadAllDepsIntoIdealTree Starting
35 silly install loadAllDepsIntoIdealTree
36 silly resolveWithNewModule epoch@0.1.0 checking installable status
37 silly cache add args [ 'epoch', null ]
38 verbose cache add spec epoch
39 silly cache add parsed spec Result {
39 silly cache add   raw: 'epoch',
39 silly cache add   scope: null,
39 silly cache add   escapedName: 'epoch',
39 silly cache add   name: 'epoch',
39 silly cache add   rawSpec: '',
39 silly cache add   spec: 'latest',
39 silly cache add   type: 'tag' }
40 silly addNamed epoch@latest
41 verbose addNamed "latest" is being treated as a dist-tag for epoch
42 info addNameTag [ 'epoch', 'latest' ]
43 silly mapToRegistry name epoch
44 silly mapToRegistry using default registry
45 silly mapToRegistry registry https://registry.npmjs.org/
46 silly mapToRegistry data Result {
46 silly mapToRegistry   raw: 'epoch',
46 silly mapToRegistry   scope: null,
46 silly mapToRegistry   escapedName: 'epoch',
46 silly mapToRegistry   name: 'epoch',
46 silly mapToRegistry   rawSpec: '',
46 silly mapToRegistry   spec: 'latest',
46 silly mapToRegistry   type: 'tag' }
47 silly mapToRegistry uri https://registry.npmjs.org/epoch
48 verbose addNameTag registry:https://registry.npmjs.org/epoch not in flight; fetching
49 verbose get https://registry.npmjs.org/epoch not expired, no request
50 silly addNameTag next cb for epoch with tag latest
51 silly addNamed epoch@0.1.0
52 verbose addNamed "0.1.0" is a plain semver version for epoch
53 silly mapToRegistry name epoch
54 silly mapToRegistry using default registry
55 silly mapToRegistry registry https://registry.npmjs.org/
56 silly mapToRegistry data Result {
56 silly mapToRegistry   raw: 'epoch',
56 silly mapToRegistry   scope: null,
56 silly mapToRegistry   escapedName: 'epoch',
56 silly mapToRegistry   name: 'epoch',
56 silly mapToRegistry   rawSpec: '',
56 silly mapToRegistry   spec: 'latest',
56 silly mapToRegistry   type: 'tag' }
57 silly mapToRegistry uri https://registry.npmjs.org/epoch
58 verbose addRemoteTarball https://registry.npmjs.org/epoch/-/epoch-0.1.0.tgz not in flight; adding
59 verbose addRemoteTarball [ 'https://registry.npmjs.org/epoch/-/epoch-0.1.0.tgz',
59 verbose addRemoteTarball   '8e3c72e0fca15dbe7d554804aa686eb9b87ac8b5' ]
60 info retry fetch attempt 1 at 11:06:11 PM
61 info attempt registry request try #1 at 11:06:11 PM
62 http fetch GET https://registry.npmjs.org/epoch/-/epoch-0.1.0.tgz
63 http fetch 200 https://registry.npmjs.org/epoch/-/epoch-0.1.0.tgz
64 silly fetchAndShaCheck shasum 8e3c72e0fca15dbe7d554804aa686eb9b87ac8b5
65 verbose addTmpTarball /tmp/npm-21281-dbbd1d9a/registry.npmjs.org/epoch/-/epoch-0.1.0.tgz not in flight; adding
66 verbose addTmpTarball already have metadata; skipping unpack for epoch@0.1.0
67 verbose correctMkdir /home/lakshan/.npm correctMkdir not in flight; initializing
68 silly cache afterAdd epoch@0.1.0
69 verbose afterAdd /home/lakshan/.npm/epoch/0.1.0/package/package.json not in flight; writing
70 verbose correctMkdir /home/lakshan/.npm correctMkdir not in flight; initializing
71 verbose afterAdd /home/lakshan/.npm/epoch/0.1.0/package/package.json written
72 silly fetchNamedPackageData moment
73 silly mapToRegistry name moment
74 silly mapToRegistry using default registry
75 silly mapToRegistry registry https://registry.npmjs.org/
76 silly mapToRegistry data Result {
76 silly mapToRegistry   raw: 'moment',
76 silly mapToRegistry   scope: null,
76 silly mapToRegistry   escapedName: 'moment',
76 silly mapToRegistry   name: 'moment',
76 silly mapToRegistry   rawSpec: '',
76 silly mapToRegistry   spec: 'latest',
76 silly mapToRegistry   type: 'tag' }
77 silly mapToRegistry uri https://registry.npmjs.org/moment
78 verbose request uri https://registry.npmjs.org/moment
79 verbose request no auth needed
80 info attempt registry request try #1 at 11:06:12 PM
81 http request GET https://registry.npmjs.org/moment
82 http 200 https://registry.npmjs.org/moment
83 verbose headers { server: 'nginx/1.10.1',
83 verbose headers   'content-type': 'application/json',
83 verbose headers   'last-modified': 'Fri, 25 Nov 2016 10:53:22 GMT',
83 verbose headers   etag: 'W/"58381822-1948e"',
83 verbose headers   'content-encoding': 'gzip',
83 verbose headers   'cache-control': 'max-age=300',
83 verbose headers   'content-length': '11387',
83 verbose headers   'accept-ranges': 'bytes',
83 verbose headers   date: 'Fri, 25 Nov 2016 17:36:12 GMT',
83 verbose headers   via: '1.1 varnish',
83 verbose headers   age: '85',
83 verbose headers   connection: 'keep-alive',
83 verbose headers   'x-served-by': 'cache-sin6926-SIN',
83 verbose headers   'x-cache': 'HIT',
83 verbose headers   'x-cache-hits': '2',
83 verbose headers   'x-timer': 'S1480095372.683703,VS0,VE0',
83 verbose headers   vary: 'Accept-Encoding' }
84 silly get cb [ 200,
84 silly get   { server: 'nginx/1.10.1',
84 silly get     'content-type': 'application/json',
84 silly get     'last-modified': 'Fri, 25 Nov 2016 10:53:22 GMT',
84 silly get     etag: 'W/"58381822-1948e"',
84 silly get     'content-encoding': 'gzip',
84 silly get     'cache-control': 'max-age=300',
84 silly get     'content-length': '11387',
84 silly get     'accept-ranges': 'bytes',
84 silly get     date: 'Fri, 25 Nov 2016 17:36:12 GMT',
84 silly get     via: '1.1 varnish',
84 silly get     age: '85',
84 silly get     connection: 'keep-alive',
84 silly get     'x-served-by': 'cache-sin6926-SIN',
84 silly get     'x-cache': 'HIT',
84 silly get     'x-cache-hits': '2',
84 silly get     'x-timer': 'S1480095372.683703,VS0,VE0',
84 silly get     vary: 'Accept-Encoding' } ]
85 verbose get saving moment to /home/lakshan/.npm/registry.npmjs.org/moment/.cache.json
86 verbose correctMkdir /home/lakshan/.npm correctMkdir not in flight; initializing
87 silly resolveWithNewModule moment@2.17.0 checking installable status
88 silly cache add args [ 'moment@>= 1.0.0', null ]
89 verbose cache add spec moment@>= 1.0.0
90 silly cache add parsed spec Result {
90 silly cache add   raw: 'moment@>= 1.0.0',
90 silly cache add   scope: null,
90 silly cache add   escapedName: 'moment',
90 silly cache add   name: 'moment',
90 silly cache add   rawSpec: '>= 1.0.0',
90 silly cache add   spec: '>=1.0.0',
90 silly cache add   type: 'range' }
91 silly addNamed moment@>=1.0.0
92 verbose addNamed ">=1.0.0" is a valid semver range for moment
93 silly addNameRange { name: 'moment', range: '>=1.0.0', hasData: false }
94 silly mapToRegistry name moment
95 silly mapToRegistry using default registry
96 silly mapToRegistry registry https://registry.npmjs.org/
97 silly mapToRegistry data Result {
97 silly mapToRegistry   raw: 'moment',
97 silly mapToRegistry   scope: null,
97 silly mapToRegistry   escapedName: 'moment',
97 silly mapToRegistry   name: 'moment',
97 silly mapToRegistry   rawSpec: '',
97 silly mapToRegistry   spec: 'latest',
97 silly mapToRegistry   type: 'tag' }
98 silly mapToRegistry uri https://registry.npmjs.org/moment
99 verbose addNameRange registry:https://registry.npmjs.org/moment not in flight; fetching
100 verbose get https://registry.npmjs.org/moment not expired, no request
101 silly addNameRange number 2 { name: 'moment', range: '>=1.0.0', hasData: true }
102 silly addNameRange versions [ 'moment',
102 silly addNameRange   [ '1.0.0',
102 silly addNameRange     '1.0.1',
102 silly addNameRange     '1.1.0',
102 silly addNameRange     '1.1.1',
102 silly addNameRange     '1.2.0',
102 silly addNameRange     '1.3.0',
102 silly addNameRange     '1.4.0',
102 silly addNameRange     '1.5.0',
102 silly addNameRange     '1.5.1',
102 silly addNameRange     '1.6.0',
102 silly addNameRange     '1.6.1',
102 silly addNameRange     '1.6.2',
102 silly addNameRange     '1.7.0',
102 silly addNameRange     '1.7.1',
102 silly addNameRange     '1.7.2',
102 silly addNameRange     '2.0.0',
102 silly addNameRange     '2.1.0',
102 silly addNameRange     '2.2.1',
102 silly addNameRange     '2.3.0',
102 silly addNameRange     '2.3.1',
102 silly addNameRange     '2.4.0',
102 silly addNameRange     '2.5.0',
102 silly addNameRange     '2.5.1',
102 silly addNameRange     '2.6.0',
102 silly addNameRange     '2.7.0',
102 silly addNameRange     '2.8.1',
102 silly addNameRange     '2.8.2',
102 silly addNameRange     '2.8.3',
102 silly addNameRange     '2.8.4',
102 silly addNameRange     '2.9.0',
102 silly addNameRange     '2.10.2',
102 silly addNameRange     '2.10.3',
102 silly addNameRange     '2.10.5',
102 silly addNameRange     '2.10.6',
102 silly addNameRange     '2.11.0',
102 silly addNameRange     '2.11.1',
102 silly addNameRange     '2.11.2',
102 silly addNameRange     '2.12.0',
102 silly addNameRange     '2.13.0',
102 silly addNameRange     '2.14.0',
102 silly addNameRange     '2.14.1',
102 silly addNameRange     '2.15.0',
102 silly addNameRange     '2.15.1',
102 silly addNameRange     '2.15.2',
102 silly addNameRange     '2.16.0',
102 silly addNameRange     '2.17.0' ] ]
103 silly addNamed moment@2.17.0
104 verbose addNamed "2.17.0" is a plain semver version for moment
105 silly mapToRegistry name moment
106 silly mapToRegistry using default registry
107 silly mapToRegistry registry https://registry.npmjs.org/
108 silly mapToRegistry data Result {
108 silly mapToRegistry   raw: 'moment',
108 silly mapToRegistry   scope: null,
108 silly mapToRegistry   escapedName: 'moment',
108 silly mapToRegistry   name: 'moment',
108 silly mapToRegistry   rawSpec: '',
108 silly mapToRegistry   spec: 'latest',
108 silly mapToRegistry   type: 'tag' }
109 silly mapToRegistry uri https://registry.npmjs.org/moment
110 verbose addRemoteTarball https://registry.npmjs.org/moment/-/moment-2.17.0.tgz not in flight; adding
111 verbose addRemoteTarball [ 'https://registry.npmjs.org/moment/-/moment-2.17.0.tgz',
111 verbose addRemoteTarball   'a4c292e02aac5ddefb29a6eed24f51938dd3b74f' ]
112 info retry fetch attempt 1 at 11:06:12 PM
113 info attempt registry request try #1 at 11:06:12 PM
114 http fetch GET https://registry.npmjs.org/moment/-/moment-2.17.0.tgz
115 http fetch 200 https://registry.npmjs.org/moment/-/moment-2.17.0.tgz
116 silly fetchAndShaCheck shasum a4c292e02aac5ddefb29a6eed24f51938dd3b74f
117 verbose addTmpTarball /tmp/npm-21281-dbbd1d9a/registry.npmjs.org/moment/-/moment-2.17.0.tgz not in flight; adding
118 verbose addTmpTarball already have metadata; skipping unpack for moment@2.17.0
119 verbose correctMkdir /home/lakshan/.npm correctMkdir not in flight; initializing
120 silly cache afterAdd moment@2.17.0
121 verbose afterAdd /home/lakshan/.npm/moment/2.17.0/package/package.json not in flight; writing
122 verbose correctMkdir /home/lakshan/.npm correctMkdir not in flight; initializing
123 verbose afterAdd /home/lakshan/.npm/moment/2.17.0/package/package.json written
124 silly loadAllDepsIntoIdealTree Finishing
125 silly loadIdealTree Finishing
126 silly currentTree wiremeserver@0.0.0
126 silly currentTree ├── accepts@1.3.3
126 silly currentTree ├── after@0.8.1
126 silly currentTree ├── arr-diff@2.0.0
126 silly currentTree ├── arr-flatten@1.0.1
126 silly currentTree ├── array-flatten@1.1.1
126 silly currentTree ├── array-unique@0.2.1
126 silly currentTree ├── arraybuffer.slice@0.0.6
126 silly currentTree ├── async@0.9.0
126 silly currentTree ├── backo2@1.0.2
126 silly currentTree ├── balanced-match@0.4.2
126 silly currentTree ├── base64-arraybuffer@0.1.5
126 silly currentTree ├── base64id@0.1.0
126 silly currentTree ├── basic-auth@1.0.4
126 silly currentTree ├── benchmark@1.0.0
126 silly currentTree ├── better-assert@1.0.2
126 silly currentTree ├─┬ bl@1.1.2
126 silly currentTree │ └── readable-stream@2.0.6
126 silly currentTree ├── blob@0.0.4
126 silly currentTree ├── body-parser@1.15.2
126 silly currentTree ├── brace-expansion@1.1.6
126 silly currentTree ├── braces@1.8.5
126 silly currentTree ├── bson@0.2.22
126 silly currentTree ├── buffer-shims@1.0.0
126 silly currentTree ├── bytes@2.4.0
126 silly currentTree ├── callback-stream@1.1.0
126 silly currentTree ├── callsite@1.0.0
126 silly currentTree ├── commist@1.0.0
126 silly currentTree ├── component-bind@1.0.0
126 silly currentTree ├── component-emitter@1.1.2
126 silly currentTree ├── component-inherit@0.0.3
126 silly currentTree ├── concat-map@0.0.1
126 silly currentTree ├─┬ concat-stream@1.5.2
126 silly currentTree │ └── readable-stream@2.0.6
126 silly currentTree ├── content-disposition@0.5.1
126 silly currentTree ├── content-type@1.0.2
126 silly currentTree ├── cookie-parser@1.4.3
126 silly currentTree ├── cookie-signature@1.0.6
126 silly currentTree ├── cookie@0.3.1
126 silly currentTree ├── core-util-is@1.0.2
126 silly currentTree ├── debug@2.2.0
126 silly currentTree ├── depd@1.1.0
126 silly currentTree ├── destroy@1.0.4
126 silly currentTree ├─┬ duplexify@3.5.0
126 silly currentTree │ └── end-of-stream@1.0.0
126 silly currentTree ├── ee-first@1.1.1
126 silly currentTree ├── ejs@2.5.2
126 silly currentTree ├── encodeurl@1.0.1
126 silly currentTree ├── end-of-stream@1.1.0
126 silly currentTree ├── engine.io-client@1.7.2
126 silly currentTree ├─┬ engine.io-parser@1.3.1
126 silly currentTree │ ├── has-binary@0.1.6
126 silly currentTree │ └── isarray@0.0.1
126 silly currentTree ├── engine.io@1.7.2
126 silly currentTree ├── escape-html@1.0.3
126 silly currentTree ├── etag@1.7.0
126 silly currentTree ├── expand-brackets@0.1.5
126 silly currentTree ├── expand-range@1.8.2
126 silly currentTree ├── express@4.14.0
126 silly currentTree ├── extend-shallow@2.0.1
126 silly currentTree ├── extend@3.0.0
126 silly currentTree ├─┬ extglob@0.3.2
126 silly currentTree │ └── is-extglob@1.0.0
126 silly currentTree ├── filename-regex@2.0.0
126 silly currentTree ├── fill-range@2.2.3
126 silly currentTree ├── finalhandler@0.5.0
126 silly currentTree ├── for-in@0.1.6
126 silly currentTree ├── for-own@0.1.4
126 silly currentTree ├── forwarded@0.1.0
126 silly currentTree ├── fresh@0.3.0
126 silly currentTree ├── generaterr@1.5.0
126 silly currentTree ├─┬ glob-base@0.3.0
126 silly currentTree │ ├── glob-parent@2.0.0
126 silly currentTree │ ├── is-extglob@1.0.0
126 silly currentTree │ └── is-glob@2.0.1
126 silly currentTree ├── glob-parent@3.0.1
126 silly currentTree ├─┬ glob-stream@5.3.5
126 silly currentTree │ ├── isarray@0.0.1
126 silly currentTree │ ├── readable-stream@1.0.34
126 silly currentTree │ └── through2@0.6.5
126 silly currentTree ├── glob@5.0.15
126 silly currentTree ├─┬ has-binary@0.1.7
126 silly currentTree │ └── isarray@0.0.1
126 silly currentTree ├── has-cors@1.1.0
126 silly currentTree ├── help-me@1.0.1
126 silly currentTree ├── hooks@0.3.2
126 silly currentTree ├── http-errors@1.5.0
126 silly currentTree ├── iconv-lite@0.4.13
126 silly currentTree ├── indexof@0.0.1
126 silly currentTree ├── inflight@1.0.6
126 silly currentTree ├── inherits@2.0.1
126 silly currentTree ├── ipaddr.js@1.1.1
126 silly currentTree ├── is-buffer@1.1.4
126 silly currentTree ├── is-dotfile@1.0.2
126 silly currentTree ├── is-equal-shallow@0.1.3
126 silly currentTree ├── is-extendable@0.1.1
126 silly currentTree ├── is-extglob@2.1.0
126 silly currentTree ├── is-glob@3.1.0
126 silly currentTree ├── is-number@2.1.0
126 silly currentTree ├── is-posix-bracket@0.1.1
126 silly currentTree ├── is-primitive@2.0.0
126 silly currentTree ├── is-stream@1.1.0
126 silly currentTree ├── isarray@1.0.0
126 silly currentTree ├── isobject@2.1.0
126 silly currentTree ├── json-stable-stringify@1.0.1
126 silly currentTree ├── json3@3.2.6
126 silly currentTree ├── jsonify@0.0.0
126 silly currentTree ├── kareem@0.0.4
126 silly currentTree ├── kerberos@0.0.11
126 silly currentTree ├── kind-of@3.0.4
126 silly currentTree ├── leven@1.0.2
126 silly currentTree ├── media-typer@0.3.0
126 silly currentTree ├── merge-descriptors@1.0.1
126 silly currentTree ├── methods@1.1.2
126 silly currentTree ├─┬ micromatch@2.3.11
126 silly currentTree │ ├── is-extglob@1.0.0
126 silly currentTree │ └── is-glob@2.0.1
126 silly currentTree ├── mime-db@1.24.0
126 silly currentTree ├── mime-types@2.1.12
126 silly currentTree ├── mime@1.3.4
126 silly currentTree ├── minimatch@3.0.3
126 silly currentTree ├── minimist@1.2.0
126 silly currentTree ├─┬ mongodb@1.4.40
126 silly currentTree │ └── readable-stream@2.1.5
126 silly currentTree ├─┬ mongoose@3.9.7
126 silly currentTree │ ├── kerberos@0.0.4
126 silly currentTree │ ├── mongodb@1.4.12
126 silly currentTree │ ├── ms@0.1.0
126 silly currentTree │ └── readable-stream@2.1.5
126 silly currentTree ├── morgan@1.7.0
126 silly currentTree ├── mpath@0.1.1
126 silly currentTree ├── mpromise@0.5.4
126 silly currentTree ├─┬ mqtt-packet@5.2.0
126 silly currentTree │ └── inherits@2.0.3
126 silly currentTree ├── mqtt@2.0.1
126 silly currentTree ├─┬ mquery@1.0.0
126 silly currentTree │ └── debug@0.7.4
126 silly currentTree ├── ms@0.7.1
126 silly currentTree ├── muri@0.3.1
126 silly currentTree ├── nan@1.8.4
126 silly currentTree ├── negotiator@0.6.1
126 silly currentTree ├── normalize-path@2.0.1
126 silly currentTree ├── object-component@0.0.3
126 silly currentTree ├── object.omit@2.0.1
126 silly currentTree ├── on-finished@2.3.0
126 silly currentTree ├── on-headers@1.0.1
126 silly currentTree ├── once@1.3.3
126 silly currentTree ├── options@0.0.6
126 silly currentTree ├── ordered-read-streams@0.3.0
126 silly currentTree ├─┬ parse-glob@3.0.4
126 silly currentTree │ ├── is-extglob@1.0.0
126 silly currentTree │ └── is-glob@2.0.1
126 silly currentTree ├── parsejson@0.0.1
126 silly currentTree ├── parseqs@0.0.2
126 silly currentTree ├── parseuri@0.0.4
126 silly currentTree ├── parseurl@1.3.1
126 silly currentTree ├── passport-local-mongoose@4.0.0
126 silly currentTree ├── passport-local@1.0.0
126 silly currentTree ├── passport-strategy@1.0.0
126 silly currentTree ├── passport@0.3.2
126 silly currentTree ├── path-dirname@1.0.2
126 silly currentTree ├── path-is-absolute@1.0.1
126 silly currentTree ├── path-to-regexp@0.1.7
126 silly currentTree ├── pause@0.0.1
126 silly currentTree ├── preserve@0.2.0
126 silly currentTree ├── process-nextick-args@1.0.7
126 silly currentTree ├── proxy-addr@1.1.2
126 silly currentTree ├── pump@1.0.1
126 silly currentTree ├── qs@6.2.0
126 silly currentTree ├── randomatic@1.1.5
126 silly currentTree ├── range-parser@1.2.0
126 silly currentTree ├── raw-body@2.1.7
126 silly currentTree ├── readable-stream@2.1.5
126 silly currentTree ├── regex-cache@0.4.3
126 silly currentTree ├── regexp-clone@0.0.1
126 silly currentTree ├── reinterval@1.1.0
126 silly currentTree ├── repeat-element@1.1.2
126 silly currentTree ├── repeat-string@1.6.1
126 silly currentTree ├── scmp@1.0.1
126 silly currentTree ├── semver@5.3.0
126 silly currentTree ├── send@0.14.1
126 silly currentTree ├── serve-favicon@2.3.0
126 silly currentTree ├── serve-static@1.11.1
126 silly currentTree ├── setprototypeof@1.0.1
126 silly currentTree ├── sliced@0.0.5
126 silly currentTree ├─┬ socket.io-adapter@0.4.0
126 silly currentTree │ ├── isarray@0.0.1
126 silly currentTree │ └─┬ socket.io-parser@2.2.2
126 silly currentTree │   └── debug@0.7.4
126 silly currentTree ├─┬ socket.io-client@1.5.1
126 silly currentTree │ └── component-emitter@1.2.0
126 silly currentTree ├─┬ socket.io-parser@2.3.1
126 silly currentTree │ ├── isarray@0.0.1
126 silly currentTree │ └── json3@3.3.2
126 silly currentTree ├── socket.io@1.5.1
126 silly currentTree ├── split2@2.1.0
126 silly currentTree ├── statuses@1.3.0
126 silly currentTree ├── stream-shift@1.0.0
126 silly currentTree ├── string_decoder@0.10.31
126 silly currentTree ├── through2-filter@2.0.0
126 silly currentTree ├─┬ through2@2.0.1
126 silly currentTree │ └── readable-stream@2.0.6
126 silly currentTree ├── to-absolute-glob@0.1.1
126 silly currentTree ├── to-array@0.1.4
126 silly currentTree ├── type-is@1.6.13
126 silly currentTree ├── typedarray@0.0.6
126 silly currentTree ├── ultron@1.0.2
126 silly currentTree ├── unique-stream@2.2.1
126 silly currentTree ├── unpipe@1.0.0
126 silly currentTree ├── util-deprecate@1.0.2
126 silly currentTree ├── utils-merge@1.0.0
126 silly currentTree ├── vary@1.1.0
126 silly currentTree ├── websocket-stream@3.3.0
126 silly currentTree ├── wrappy@1.0.2
126 silly currentTree ├── ws@1.1.1
126 silly currentTree ├── wtf-8@1.0.0
126 silly currentTree ├── xmlhttprequest-ssl@1.5.1
126 silly currentTree ├── xtend@4.0.1
126 silly currentTree └── yeast@0.1.2
127 silly idealTree wiremeserver@0.0.0
127 silly idealTree ├── accepts@1.3.3
127 silly idealTree ├── after@0.8.1
127 silly idealTree ├── arr-diff@2.0.0
127 silly idealTree ├── arr-flatten@1.0.1
127 silly idealTree ├── array-flatten@1.1.1
127 silly idealTree ├── array-unique@0.2.1
127 silly idealTree ├── arraybuffer.slice@0.0.6
127 silly idealTree ├── async@0.9.0
127 silly idealTree ├── backo2@1.0.2
127 silly idealTree ├── balanced-match@0.4.2
127 silly idealTree ├── base64-arraybuffer@0.1.5
127 silly idealTree ├── base64id@0.1.0
127 silly idealTree ├── basic-auth@1.0.4
127 silly idealTree ├── benchmark@1.0.0
127 silly idealTree ├── better-assert@1.0.2
127 silly idealTree ├─┬ bl@1.1.2
127 silly idealTree │ └── readable-stream@2.0.6
127 silly idealTree ├── blob@0.0.4
127 silly idealTree ├── body-parser@1.15.2
127 silly idealTree ├── brace-expansion@1.1.6
127 silly idealTree ├── braces@1.8.5
127 silly idealTree ├── bson@0.2.22
127 silly idealTree ├── buffer-shims@1.0.0
127 silly idealTree ├── bytes@2.4.0
127 silly idealTree ├── callback-stream@1.1.0
127 silly idealTree ├── callsite@1.0.0
127 silly idealTree ├── commist@1.0.0
127 silly idealTree ├── component-bind@1.0.0
127 silly idealTree ├── component-emitter@1.1.2
127 silly idealTree ├── component-inherit@0.0.3
127 silly idealTree ├── concat-map@0.0.1
127 silly idealTree ├─┬ concat-stream@1.5.2
127 silly idealTree │ └── readable-stream@2.0.6
127 silly idealTree ├── content-disposition@0.5.1
127 silly idealTree ├── content-type@1.0.2
127 silly idealTree ├── cookie-parser@1.4.3
127 silly idealTree ├── cookie-signature@1.0.6
127 silly idealTree ├── cookie@0.3.1
127 silly idealTree ├── core-util-is@1.0.2
127 silly idealTree ├── debug@2.2.0
127 silly idealTree ├── depd@1.1.0
127 silly idealTree ├── destroy@1.0.4
127 silly idealTree ├─┬ duplexify@3.5.0
127 silly idealTree │ └── end-of-stream@1.0.0
127 silly idealTree ├── ee-first@1.1.1
127 silly idealTree ├── ejs@2.5.2
127 silly idealTree ├── encodeurl@1.0.1
127 silly idealTree ├── end-of-stream@1.1.0
127 silly idealTree ├── engine.io-client@1.7.2
127 silly idealTree ├─┬ engine.io-parser@1.3.1
127 silly idealTree │ ├── has-binary@0.1.6
127 silly idealTree │ └── isarray@0.0.1
127 silly idealTree ├── engine.io@1.7.2
127 silly idealTree ├── epoch@0.1.0
127 silly idealTree ├── escape-html@1.0.3
127 silly idealTree ├── etag@1.7.0
127 silly idealTree ├── expand-brackets@0.1.5
127 silly idealTree ├── expand-range@1.8.2
127 silly idealTree ├── express@4.14.0
127 silly idealTree ├── extend-shallow@2.0.1
127 silly idealTree ├── extend@3.0.0
127 silly idealTree ├─┬ extglob@0.3.2
127 silly idealTree │ └── is-extglob@1.0.0
127 silly idealTree ├── filename-regex@2.0.0
127 silly idealTree ├── fill-range@2.2.3
127 silly idealTree ├── finalhandler@0.5.0
127 silly idealTree ├── for-in@0.1.6
127 silly idealTree ├── for-own@0.1.4
127 silly idealTree ├── forwarded@0.1.0
127 silly idealTree ├── fresh@0.3.0
127 silly idealTree ├── generaterr@1.5.0
127 silly idealTree ├─┬ glob-base@0.3.0
127 silly idealTree │ ├── glob-parent@2.0.0
127 silly idealTree │ ├── is-extglob@1.0.0
127 silly idealTree │ └── is-glob@2.0.1
127 silly idealTree ├── glob-parent@3.0.1
127 silly idealTree ├─┬ glob-stream@5.3.5
127 silly idealTree │ ├── isarray@0.0.1
127 silly idealTree │ ├── readable-stream@1.0.34
127 silly idealTree │ └── through2@0.6.5
127 silly idealTree ├── glob@5.0.15
127 silly idealTree ├─┬ has-binary@0.1.7
127 silly idealTree │ └── isarray@0.0.1
127 silly idealTree ├── has-cors@1.1.0
127 silly idealTree ├── help-me@1.0.1
127 silly idealTree ├── hooks@0.3.2
127 silly idealTree ├── http-errors@1.5.0
127 silly idealTree ├── iconv-lite@0.4.13
127 silly idealTree ├── indexof@0.0.1
127 silly idealTree ├── inflight@1.0.6
127 silly idealTree ├── inherits@2.0.1
127 silly idealTree ├── ipaddr.js@1.1.1
127 silly idealTree ├── is-buffer@1.1.4
127 silly idealTree ├── is-dotfile@1.0.2
127 silly idealTree ├── is-equal-shallow@0.1.3
127 silly idealTree ├── is-extendable@0.1.1
127 silly idealTree ├── is-extglob@2.1.0
127 silly idealTree ├── is-glob@3.1.0
127 silly idealTree ├── is-number@2.1.0
127 silly idealTree ├── is-posix-bracket@0.1.1
127 silly idealTree ├── is-primitive@2.0.0
127 silly idealTree ├── is-stream@1.1.0
127 silly idealTree ├── isarray@1.0.0
127 silly idealTree ├── isobject@2.1.0
127 silly idealTree ├── json-stable-stringify@1.0.1
127 silly idealTree ├── json3@3.2.6
127 silly idealTree ├── jsonify@0.0.0
127 silly idealTree ├── kareem@0.0.4
127 silly idealTree ├── kerberos@0.0.11
127 silly idealTree ├── kind-of@3.0.4
127 silly idealTree ├── leven@1.0.2
127 silly idealTree ├── media-typer@0.3.0
127 silly idealTree ├── merge-descriptors@1.0.1
127 silly idealTree ├── methods@1.1.2
127 silly idealTree ├─┬ micromatch@2.3.11
127 silly idealTree │ ├── is-extglob@1.0.0
127 silly idealTree │ └── is-glob@2.0.1
127 silly idealTree ├── mime-db@1.24.0
127 silly idealTree ├── mime-types@2.1.12
127 silly idealTree ├── mime@1.3.4
127 silly idealTree ├── minimatch@3.0.3
127 silly idealTree ├── minimist@1.2.0
127 silly idealTree ├── moment@2.17.0
127 silly idealTree ├─┬ mongodb@1.4.40
127 silly idealTree │ └── readable-stream@2.1.5
127 silly idealTree ├─┬ mongoose@3.9.7
127 silly idealTree │ ├── kerberos@0.0.4
127 silly idealTree │ ├── mongodb@1.4.12
127 silly idealTree │ ├── ms@0.1.0
127 silly idealTree │ └── readable-stream@2.1.5
127 silly idealTree ├── morgan@1.7.0
127 silly idealTree ├── mpath@0.1.1
127 silly idealTree ├── mpromise@0.5.4
127 silly idealTree ├─┬ mqtt-packet@5.2.0
127 silly idealTree │ └── inherits@2.0.3
127 silly idealTree ├── mqtt@2.0.1
127 silly idealTree ├─┬ mquery@1.0.0
127 silly idealTree │ └── debug@0.7.4
127 silly idealTree ├── ms@0.7.1
127 silly idealTree ├── muri@0.3.1
127 silly idealTree ├── nan@1.8.4
127 silly idealTree ├── negotiator@0.6.1
127 silly idealTree ├── normalize-path@2.0.1
127 silly idealTree ├── object-component@0.0.3
127 silly idealTree ├── object.omit@2.0.1
127 silly idealTree ├── on-finished@2.3.0
127 silly idealTree ├── on-headers@1.0.1
127 silly idealTree ├── once@1.3.3
127 silly idealTree ├── options@0.0.6
127 silly idealTree ├── ordered-read-streams@0.3.0
127 silly idealTree ├─┬ parse-glob@3.0.4
127 silly idealTree │ ├── is-extglob@1.0.0
127 silly idealTree │ └── is-glob@2.0.1
127 silly idealTree ├── parsejson@0.0.1
127 silly idealTree ├── parseqs@0.0.2
127 silly idealTree ├── parseuri@0.0.4
127 silly idealTree ├── parseurl@1.3.1
127 silly idealTree ├── passport-local-mongoose@4.0.0
127 silly idealTree ├── passport-local@1.0.0
127 silly idealTree ├── passport-strategy@1.0.0
127 silly idealTree ├── passport@0.3.2
127 silly idealTree ├── path-dirname@1.0.2
127 silly idealTree ├── path-is-absolute@1.0.1
127 silly idealTree ├── path-to-regexp@0.1.7
127 silly idealTree ├── pause@0.0.1
127 silly idealTree ├── preserve@0.2.0
127 silly idealTree ├── process-nextick-args@1.0.7
127 silly idealTree ├── proxy-addr@1.1.2
127 silly idealTree ├── pump@1.0.1
127 silly idealTree ├── qs@6.2.0
127 silly idealTree ├── randomatic@1.1.5
127 silly idealTree ├── range-parser@1.2.0
127 silly idealTree ├── raw-body@2.1.7
127 silly idealTree ├── readable-stream@2.1.5
127 silly idealTree ├── regex-cache@0.4.3
127 silly idealTree ├── regexp-clone@0.0.1
127 silly idealTree ├── reinterval@1.1.0
127 silly idealTree ├── repeat-element@1.1.2
127 silly idealTree ├── repeat-string@1.6.1
127 silly idealTree ├── scmp@1.0.1
127 silly idealTree ├── semver@5.3.0
127 silly idealTree ├── send@0.14.1
127 silly idealTree ├── serve-favicon@2.3.0
127 silly idealTree ├── serve-static@1.11.1
127 silly idealTree ├── setprototypeof@1.0.1
127 silly idealTree ├── sliced@0.0.5
127 silly idealTree ├─┬ socket.io-adapter@0.4.0
127 silly idealTree │ ├── isarray@0.0.1
127 silly idealTree │ └─┬ socket.io-parser@2.2.2
127 silly idealTree │   └── debug@0.7.4
127 silly idealTree ├─┬ socket.io-client@1.5.1
127 silly idealTree │ └── component-emitter@1.2.0
127 silly idealTree ├─┬ socket.io-parser@2.3.1
127 silly idealTree │ ├── isarray@0.0.1
127 silly idealTree │ └── json3@3.3.2
127 silly idealTree ├── socket.io@1.5.1
127 silly idealTree ├── split2@2.1.0
127 silly idealTree ├── statuses@1.3.0
127 silly idealTree ├── stream-shift@1.0.0
127 silly idealTree ├── string_decoder@0.10.31
127 silly idealTree ├── through2-filter@2.0.0
127 silly idealTree ├─┬ through2@2.0.1
127 silly idealTree │ └── readable-stream@2.0.6
127 silly idealTree ├── to-absolute-glob@0.1.1
127 silly idealTree ├── to-array@0.1.4
127 silly idealTree ├── type-is@1.6.13
127 silly idealTree ├── typedarray@0.0.6
127 silly idealTree ├── ultron@1.0.2
127 silly idealTree ├── unique-stream@2.2.1
127 silly idealTree ├── unpipe@1.0.0
127 silly idealTree ├── util-deprecate@1.0.2
127 silly idealTree ├── utils-merge@1.0.0
127 silly idealTree ├── vary@1.1.0
127 silly idealTree ├── websocket-stream@3.3.0
127 silly idealTree ├── wrappy@1.0.2
127 silly idealTree ├── ws@1.1.1
127 silly idealTree ├── wtf-8@1.0.0
127 silly idealTree ├── xmlhttprequest-ssl@1.5.1
127 silly idealTree ├── xtend@4.0.1
127 silly idealTree └── yeast@0.1.2
128 silly generateActionsToTake Starting
129 silly install generateActionsToTake
130 silly generateActionsToTake Finishing
131 silly diffTrees action count 2
132 silly diffTrees add moment@2.17.0
133 silly diffTrees add epoch@0.1.0
134 silly decomposeActions action count 16
135 silly decomposeActions fetch moment@2.17.0
136 silly decomposeActions extract moment@2.17.0
137 silly decomposeActions test moment@2.17.0
138 silly decomposeActions preinstall moment@2.17.0
139 silly decomposeActions build moment@2.17.0
140 silly decomposeActions install moment@2.17.0
141 silly decomposeActions postinstall moment@2.17.0
142 silly decomposeActions finalize moment@2.17.0
143 silly decomposeActions fetch epoch@0.1.0
144 silly decomposeActions extract epoch@0.1.0
145 silly decomposeActions test epoch@0.1.0
146 silly decomposeActions preinstall epoch@0.1.0
147 silly decomposeActions build epoch@0.1.0
148 silly decomposeActions install epoch@0.1.0
149 silly decomposeActions postinstall epoch@0.1.0
150 silly decomposeActions finalize epoch@0.1.0
151 silly runTopLevelLifecycles Starting
152 silly executeActions Starting
153 silly install executeActions
154 silly doSerial global-install 0
155 silly doParallel fetch 2
156 verbose correctMkdir /home/lakshan/.npm/_locks correctMkdir not in flight; initializing
157 verbose lock using /home/lakshan/.npm/_locks/staging-6851081dbaaf5851.lock for /home/lakshan/NodeJSProjects/WireMeServer/node_modules/.staging
158 silly doParallel extract 2
159 silly extract moment@2.17.0
160 silly extract epoch@0.1.0
161 verbose unbuild node_modules/.staging/moment-c878ab1e
162 verbose unbuild node_modules/.staging/epoch-a1e844cb
163 silly gentlyRm /home/lakshan/NodeJSProjects/WireMeServer/node_modules/.staging/moment-c878ab1e is being purged from base /home/lakshan/NodeJSProjects/WireMeServer
164 verbose gentlyRm don't care about contents; nuking /home/lakshan/NodeJSProjects/WireMeServer/node_modules/.staging/moment-c878ab1e
165 silly gentlyRm /home/lakshan/NodeJSProjects/WireMeServer/node_modules/.staging/epoch-a1e844cb is being purged from base /home/lakshan/NodeJSProjects/WireMeServer
166 verbose gentlyRm don't care about contents; nuking /home/lakshan/NodeJSProjects/WireMeServer/node_modules/.staging/epoch-a1e844cb
167 verbose tar unpack /home/lakshan/.npm/moment/2.17.0/package.tgz
168 verbose tar unpacking to /home/lakshan/NodeJSProjects/WireMeServer/node_modules/.staging/moment-c878ab1e
169 silly gentlyRm /home/lakshan/NodeJSProjects/WireMeServer/node_modules/.staging/moment-c878ab1e is being purged
170 verbose gentlyRm don't care about contents; nuking /home/lakshan/NodeJSProjects/WireMeServer/node_modules/.staging/moment-c878ab1e
171 verbose tar unpack /home/lakshan/.npm/epoch/0.1.0/package.tgz
172 verbose tar unpacking to /home/lakshan/NodeJSProjects/WireMeServer/node_modules/.staging/epoch-a1e844cb
173 silly gentlyRm /home/lakshan/NodeJSProjects/WireMeServer/node_modules/.staging/epoch-a1e844cb is being purged
174 verbose gentlyRm don't care about contents; nuking /home/lakshan/NodeJSProjects/WireMeServer/node_modules/.staging/epoch-a1e844cb
175 silly gunzTarPerm modes [ '775', '664' ]
176 silly gunzTarPerm modes [ '775', '664' ]
177 silly gunzTarPerm extractEntry package.json
178 silly gunzTarPerm modified mode [ 'package.json', 420, 436 ]
179 silly gunzTarPerm extractEntry package.json
180 silly gunzTarPerm modified mode [ 'package.json', 420, 436 ]
181 silly gunzTarPerm extractEntry README.md
182 silly gunzTarPerm modified mode [ 'README.md', 420, 436 ]
183 silly gunzTarPerm extractEntry LICENSE
184 silly gunzTarPerm modified mode [ 'LICENSE', 420, 436 ]
185 silly gunzTarPerm extractEntry .npmignore
186 silly gunzTarPerm modified mode [ '.npmignore', 420, 436 ]
187 silly gunzTarPerm extractEntry README.md
188 silly gunzTarPerm modified mode [ 'README.md', 420, 436 ]
189 silly gunzTarPerm extractEntry ender.js
190 silly gunzTarPerm modified mode [ 'ender.js', 420, 436 ]
191 silly gunzTarPerm extractEntry moment.js
192 silly gunzTarPerm modified mode [ 'moment.js', 420, 436 ]
193 silly gunzTarPerm extractEntry lib/epoch.js
194 silly gunzTarPerm modified mode [ 'lib/epoch.js', 420, 436 ]
195 silly gunzTarPerm extractEntry MIT-LICENSE.md
196 silly gunzTarPerm modified mode [ 'MIT-LICENSE.md', 420, 436 ]
197 silly gunzTarPerm extractEntry package.js
198 silly gunzTarPerm modified mode [ 'package.js', 420, 436 ]
199 silly gunzTarPerm extractEntry min/locales.js
200 silly gunzTarPerm modified mode [ 'min/locales.js', 420, 436 ]
201 silly gunzTarPerm extractEntry min/locales.min.js
202 silly gunzTarPerm modified mode [ 'min/locales.min.js', 420, 436 ]
203 silly gunzTarPerm extractEntry min/moment-with-locales.js
204 silly gunzTarPerm modified mode [ 'min/moment-with-locales.js', 420, 436 ]
205 silly gentlyRm /home/lakshan/NodeJSProjects/WireMeServer/node_modules/.staging/epoch-a1e844cb/node_modules is being purged
206 verbose gentlyRm don't care about contents; nuking /home/lakshan/NodeJSProjects/WireMeServer/node_modules/.staging/epoch-a1e844cb/node_modules
207 silly gunzTarPerm extractEntry min/moment-with-locales.min.js
208 silly gunzTarPerm modified mode [ 'min/moment-with-locales.min.js', 420, 436 ]
209 silly gunzTarPerm extractEntry min/moment.min.js
210 silly gunzTarPerm modified mode [ 'min/moment.min.js', 420, 436 ]
211 silly gunzTarPerm extractEntry locale/af.js
212 silly gunzTarPerm modified mode [ 'locale/af.js', 420, 436 ]
213 silly gunzTarPerm extractEntry locale/ja.js
214 silly gunzTarPerm modified mode [ 'locale/ja.js', 420, 436 ]
215 silly gunzTarPerm extractEntry locale/jv.js
216 silly gunzTarPerm modified mode [ 'locale/jv.js', 420, 436 ]
217 silly gunzTarPerm extractEntry locale/ka.js
218 silly gunzTarPerm modified mode [ 'locale/ka.js', 420, 436 ]
219 silly gunzTarPerm extractEntry locale/it.js
220 silly gunzTarPerm modified mode [ 'locale/it.js', 420, 436 ]
221 silly gunzTarPerm extractEntry locale/km.js
222 silly gunzTarPerm modified mode [ 'locale/km.js', 420, 436 ]
223 silly gunzTarPerm extractEntry locale/ko.js
224 silly gunzTarPerm modified mode [ 'locale/ko.js', 420, 436 ]
225 silly gunzTarPerm extractEntry locale/ky.js
226 silly gunzTarPerm modified mode [ 'locale/ky.js', 420, 436 ]
227 silly gunzTarPerm extractEntry locale/lb.js
228 silly gunzTarPerm modified mode [ 'locale/lb.js', 420, 436 ]
229 silly gunzTarPerm extractEntry locale/lo.js
230 silly gunzTarPerm modified mode [ 'locale/lo.js', 420, 436 ]
231 silly gunzTarPerm extractEntry locale/is.js
232 silly gunzTarPerm modified mode [ 'locale/is.js', 420, 436 ]
233 silly gunzTarPerm extractEntry locale/lt.js
234 silly gunzTarPerm modified mode [ 'locale/lt.js', 420, 436 ]
235 silly gunzTarPerm extractEntry locale/id.js
236 silly gunzTarPerm modified mode [ 'locale/id.js', 420, 436 ]
237 silly gunzTarPerm extractEntry locale/lv.js
238 silly gunzTarPerm modified mode [ 'locale/lv.js', 420, 436 ]
239 silly gunzTarPerm extractEntry locale/hy-am.js
240 silly gunzTarPerm modified mode [ 'locale/hy-am.js', 420, 436 ]
241 silly gunzTarPerm extractEntry locale/me.js
242 silly gunzTarPerm modified mode [ 'locale/me.js', 420, 436 ]
243 silly gunzTarPerm extractEntry locale/hu.js
244 silly gunzTarPerm modified mode [ 'locale/hu.js', 420, 436 ]
245 silly gunzTarPerm extractEntry locale/mi.js
246 silly gunzTarPerm modified mode [ 'locale/mi.js', 420, 436 ]
247 silly gunzTarPerm extractEntry locale/hr.js
248 silly gunzTarPerm modified mode [ 'locale/hr.js', 420, 436 ]
249 silly gunzTarPerm extractEntry locale/mk.js
250 silly gunzTarPerm modified mode [ 'locale/mk.js', 420, 436 ]
251 silly gunzTarPerm extractEntry locale/hi.js
252 silly gunzTarPerm modified mode [ 'locale/hi.js', 420, 436 ]
253 silly gunzTarPerm extractEntry locale/ml.js
254 silly gunzTarPerm modified mode [ 'locale/ml.js', 420, 436 ]
255 silly gunzTarPerm extractEntry locale/he.js
256 silly gunzTarPerm modified mode [ 'locale/he.js', 420, 436 ]
257 silly gunzTarPerm extractEntry locale/mr.js
258 silly gunzTarPerm modified mode [ 'locale/mr.js', 420, 436 ]
259 silly gunzTarPerm extractEntry locale/gl.js
260 silly gunzTarPerm modified mode [ 'locale/gl.js', 420, 436 ]
261 silly gunzTarPerm extractEntry locale/ms-my.js
262 silly gunzTarPerm modified mode [ 'locale/ms-my.js', 420, 436 ]
263 silly gunzTarPerm extractEntry locale/gd.js
264 silly gunzTarPerm modified mode [ 'locale/gd.js', 420, 436 ]
265 silly gunzTarPerm extractEntry locale/ms.js
266 silly gunzTarPerm modified mode [ 'locale/ms.js', 420, 436 ]
267 silly gunzTarPerm extractEntry locale/fy.js
268 silly gunzTarPerm modified mode [ 'locale/fy.js', 420, 436 ]
269 silly gunzTarPerm extractEntry locale/my.js
270 silly gunzTarPerm modified mode [ 'locale/my.js', 420, 436 ]
271 silly gunzTarPerm extractEntry locale/fr.js
272 silly gunzTarPerm modified mode [ 'locale/fr.js', 420, 436 ]
273 silly gunzTarPerm extractEntry locale/nb.js
274 silly gunzTarPerm modified mode [ 'locale/nb.js', 420, 436 ]
275 silly gunzTarPerm extractEntry locale/fr-ch.js
276 silly gunzTarPerm modified mode [ 'locale/fr-ch.js', 420, 436 ]
277 silly gunzTarPerm extractEntry locale/ne.js
278 silly gunzTarPerm modified mode [ 'locale/ne.js', 420, 436 ]
279 silly gunzTarPerm extractEntry locale/fr-ca.js
280 silly gunzTarPerm modified mode [ 'locale/fr-ca.js', 420, 436 ]
281 silly gunzTarPerm extractEntry locale/nl-be.js
282 silly gunzTarPerm modified mode [ 'locale/nl-be.js', 420, 436 ]
283 silly gunzTarPerm extractEntry locale/fo.js
284 silly gunzTarPerm modified mode [ 'locale/fo.js', 420, 436 ]
285 silly gunzTarPerm extractEntry locale/nl.js
286 silly gunzTarPerm modified mode [ 'locale/nl.js', 420, 436 ]
287 silly gunzTarPerm extractEntry locale/fi.js
288 silly gunzTarPerm modified mode [ 'locale/fi.js', 420, 436 ]
289 silly gunzTarPerm extractEntry locale/nn.js
290 silly gunzTarPerm modified mode [ 'locale/nn.js', 420, 436 ]
291 silly gunzTarPerm extractEntry locale/fa.js
292 silly gunzTarPerm modified mode [ 'locale/fa.js', 420, 436 ]
293 silly gunzTarPerm extractEntry locale/pa-in.js
294 silly gunzTarPerm modified mode [ 'locale/pa-in.js', 420, 436 ]
295 silly gunzTarPerm extractEntry locale/eu.js
296 silly gunzTarPerm modified mode [ 'locale/eu.js', 420, 436 ]
297 silly gunzTarPerm extractEntry locale/pl.js
298 silly gunzTarPerm modified mode [ 'locale/pl.js', 420, 436 ]
299 silly gunzTarPerm extractEntry locale/et.js
300 silly gunzTarPerm modified mode [ 'locale/et.js', 420, 436 ]
301 silly gunzTarPerm extractEntry locale/pt-br.js
302 silly gunzTarPerm modified mode [ 'locale/pt-br.js', 420, 436 ]
303 silly gunzTarPerm extractEntry locale/es.js
304 silly gunzTarPerm modified mode [ 'locale/es.js', 420, 436 ]
305 silly gunzTarPerm extractEntry locale/pt.js
306 silly gunzTarPerm modified mode [ 'locale/pt.js', 420, 436 ]
307 silly gunzTarPerm extractEntry locale/es-do.js
308 silly gunzTarPerm modified mode [ 'locale/es-do.js', 420, 436 ]
309 silly gunzTarPerm extractEntry locale/ro.js
310 silly gunzTarPerm modified mode [ 'locale/ro.js', 420, 436 ]
311 silly gunzTarPerm extractEntry locale/eo.js
312 silly gunzTarPerm modified mode [ 'locale/eo.js', 420, 436 ]
313 silly gunzTarPerm extractEntry locale/ru.js
314 silly gunzTarPerm modified mode [ 'locale/ru.js', 420, 436 ]
315 silly gunzTarPerm extractEntry locale/en-nz.js
316 silly gunzTarPerm modified mode [ 'locale/en-nz.js', 420, 436 ]
317 silly gunzTarPerm extractEntry locale/se.js
318 silly gunzTarPerm modified mode [ 'locale/se.js', 420, 436 ]
319 silly gunzTarPerm extractEntry locale/en-ie.js
320 silly gunzTarPerm modified mode [ 'locale/en-ie.js', 420, 436 ]
321 silly gunzTarPerm extractEntry locale/si.js
322 silly gunzTarPerm modified mode [ 'locale/si.js', 420, 436 ]
323 silly gunzTarPerm extractEntry locale/en-gb.js
324 silly gunzTarPerm modified mode [ 'locale/en-gb.js', 420, 436 ]
325 silly gunzTarPerm extractEntry locale/sk.js
326 silly gunzTarPerm modified mode [ 'locale/sk.js', 420, 436 ]
327 silly gunzTarPerm extractEntry locale/en-ca.js
328 silly gunzTarPerm modified mode [ 'locale/en-ca.js', 420, 436 ]
329 silly gunzTarPerm extractEntry locale/sl.js
330 silly gunzTarPerm modified mode [ 'locale/sl.js', 420, 436 ]
331 silly gunzTarPerm extractEntry locale/en-au.js
332 silly gunzTarPerm modified mode [ 'locale/en-au.js', 420, 436 ]
333 silly gunzTarPerm extractEntry locale/sq.js
334 silly gunzTarPerm modified mode [ 'locale/sq.js', 420, 436 ]
335 silly gunzTarPerm extractEntry locale/el.js
336 silly gunzTarPerm modified mode [ 'locale/el.js', 420, 436 ]
337 silly gunzTarPerm extractEntry locale/sr-cyrl.js
338 silly gunzTarPerm modified mode [ 'locale/sr-cyrl.js', 420, 436 ]
339 silly gunzTarPerm extractEntry locale/dv.js
340 silly gunzTarPerm modified mode [ 'locale/dv.js', 420, 436 ]
341 silly gunzTarPerm extractEntry locale/sr.js
342 silly gunzTarPerm modified mode [ 'locale/sr.js', 420, 436 ]
343 silly gunzTarPerm extractEntry locale/de.js
344 silly gunzTarPerm modified mode [ 'locale/de.js', 420, 436 ]
345 silly gunzTarPerm extractEntry locale/ss.js
346 silly gunzTarPerm modified mode [ 'locale/ss.js', 420, 436 ]
347 silly gunzTarPerm extractEntry locale/de-at.js
348 silly gunzTarPerm modified mode [ 'locale/de-at.js', 420, 436 ]
349 silly gunzTarPerm extractEntry locale/sv.js
350 silly gunzTarPerm modified mode [ 'locale/sv.js', 420, 436 ]
351 silly gunzTarPerm extractEntry locale/da.js
352 silly gunzTarPerm modified mode [ 'locale/da.js', 420, 436 ]
353 silly gunzTarPerm extractEntry locale/sw.js
354 silly gunzTarPerm modified mode [ 'locale/sw.js', 420, 436 ]
355 silly gunzTarPerm extractEntry locale/cy.js
356 silly gunzTarPerm modified mode [ 'locale/cy.js', 420, 436 ]
357 silly gunzTarPerm extractEntry locale/ta.js
358 silly gunzTarPerm modified mode [ 'locale/ta.js', 420, 436 ]
359 silly gunzTarPerm extractEntry locale/cv.js
360 silly gunzTarPerm modified mode [ 'locale/cv.js', 420, 436 ]
361 silly gunzTarPerm extractEntry locale/te.js
362 silly gunzTarPerm modified mode [ 'locale/te.js', 420, 436 ]
363 silly gunzTarPerm extractEntry locale/cs.js
364 silly gunzTarPerm modified mode [ 'locale/cs.js', 420, 436 ]
365 silly gunzTarPerm extractEntry locale/tet.js
366 silly gunzTarPerm modified mode [ 'locale/tet.js', 420, 436 ]
367 silly gunzTarPerm extractEntry locale/ca.js
368 silly gunzTarPerm modified mode [ 'locale/ca.js', 420, 436 ]
369 silly gunzTarPerm extractEntry locale/th.js
370 silly gunzTarPerm modified mode [ 'locale/th.js', 420, 436 ]
371 silly gunzTarPerm extractEntry locale/bs.js
372 silly gunzTarPerm modified mode [ 'locale/bs.js', 420, 436 ]
373 silly gunzTarPerm extractEntry locale/tl-ph.js
374 silly gunzTarPerm modified mode [ 'locale/tl-ph.js', 420, 436 ]
375 silly gunzTarPerm extractEntry locale/br.js
376 silly gunzTarPerm modified mode [ 'locale/br.js', 420, 436 ]
377 silly gunzTarPerm extractEntry locale/tlh.js
378 silly gunzTarPerm modified mode [ 'locale/tlh.js', 420, 436 ]
379 silly gunzTarPerm extractEntry locale/bo.js
380 silly gunzTarPerm modified mode [ 'locale/bo.js', 420, 436 ]
381 silly gunzTarPerm extractEntry locale/tr.js
382 silly gunzTarPerm modified mode [ 'locale/tr.js', 420, 436 ]
383 silly gunzTarPerm extractEntry locale/bn.js
384 silly gunzTarPerm modified mode [ 'locale/bn.js', 420, 436 ]
385 silly gunzTarPerm extractEntry locale/tzl.js
386 silly gunzTarPerm modified mode [ 'locale/tzl.js', 420, 436 ]
387 silly gunzTarPerm extractEntry locale/bg.js
388 silly gunzTarPerm modified mode [ 'locale/bg.js', 420, 436 ]
389 silly gunzTarPerm extractEntry locale/tzm-latn.js
390 silly gunzTarPerm modified mode [ 'locale/tzm-latn.js', 420, 436 ]
391 silly gunzTarPerm extractEntry locale/bg-x.js
392 silly gunzTarPerm modified mode [ 'locale/bg-x.js', 420, 436 ]
393 silly gunzTarPerm extractEntry locale/tzm.js
394 silly gunzTarPerm modified mode [ 'locale/tzm.js', 420, 436 ]
395 silly gunzTarPerm extractEntry locale/be.js
396 silly gunzTarPerm modified mode [ 'locale/be.js', 420, 436 ]
397 silly gunzTarPerm extractEntry locale/uk.js
398 silly gunzTarPerm modified mode [ 'locale/uk.js', 420, 436 ]
399 silly gunzTarPerm extractEntry locale/az.js
400 silly gunzTarPerm modified mode [ 'locale/az.js', 420, 436 ]
401 silly gunzTarPerm extractEntry locale/uz.js
402 silly gunzTarPerm modified mode [ 'locale/uz.js', 420, 436 ]
403 silly gunzTarPerm extractEntry locale/ar.js
404 silly gunzTarPerm modified mode [ 'locale/ar.js', 420, 436 ]
405 silly gunzTarPerm extractEntry locale/vi.js
406 silly gunzTarPerm modified mode [ 'locale/vi.js', 420, 436 ]
407 silly gunzTarPerm extractEntry locale/ar-tn.js
408 silly gunzTarPerm modified mode [ 'locale/ar-tn.js', 420, 436 ]
409 silly gunzTarPerm extractEntry locale/x-pseudo.js
410 silly gunzTarPerm modified mode [ 'locale/x-pseudo.js', 420, 436 ]
411 silly gunzTarPerm extractEntry locale/ar-sa.js
412 silly gunzTarPerm modified mode [ 'locale/ar-sa.js', 420, 436 ]
413 silly gunzTarPerm extractEntry locale/yo.js
414 silly gunzTarPerm modified mode [ 'locale/yo.js', 420, 436 ]
415 silly gunzTarPerm extractEntry locale/ar-ma.js
416 silly gunzTarPerm modified mode [ 'locale/ar-ma.js', 420, 436 ]
417 silly gunzTarPerm extractEntry locale/zh-cn.js
418 silly gunzTarPerm modified mode [ 'locale/zh-cn.js', 420, 436 ]
419 silly gunzTarPerm extractEntry locale/ar-ly.js
420 silly gunzTarPerm modified mode [ 'locale/ar-ly.js', 420, 436 ]
421 silly gunzTarPerm extractEntry locale/zh-hk.js
422 silly gunzTarPerm modified mode [ 'locale/zh-hk.js', 420, 436 ]
423 silly gunzTarPerm extractEntry locale/ar-dz.js
424 silly gunzTarPerm modified mode [ 'locale/ar-dz.js', 420, 436 ]
425 silly gunzTarPerm extractEntry locale/zh-tw.js
426 silly gunzTarPerm modified mode [ 'locale/zh-tw.js', 420, 436 ]
427 silly gunzTarPerm extractEntry locale/kk.js
428 silly gunzTarPerm modified mode [ 'locale/kk.js', 420, 436 ]
429 silly gunzTarPerm extractEntry CHANGELOG.md
430 silly gunzTarPerm modified mode [ 'CHANGELOG.md', 420, 436 ]
431 silly gunzTarPerm extractEntry moment.d.ts
432 silly gunzTarPerm modified mode [ 'moment.d.ts', 420, 436 ]
433 silly gunzTarPerm extractEntry src/moment.js
434 silly gunzTarPerm modified mode [ 'src/moment.js', 420, 436 ]
435 silly gunzTarPerm extractEntry src/lib/create/check-overflow.js
436 silly gunzTarPerm modified mode [ 'src/lib/create/check-overflow.js', 420, 436 ]
437 silly gunzTarPerm extractEntry src/lib/create/from-anything.js
438 silly gunzTarPerm modified mode [ 'src/lib/create/from-anything.js', 420, 436 ]
439 silly gunzTarPerm extractEntry src/lib/create/from-array.js
440 silly gunzTarPerm modified mode [ 'src/lib/create/from-array.js', 420, 436 ]
441 silly gunzTarPerm extractEntry src/lib/create/from-object.js
442 silly gunzTarPerm modified mode [ 'src/lib/create/from-object.js', 420, 436 ]
443 silly gunzTarPerm extractEntry src/lib/create/from-string-and-array.js
444 silly gunzTarPerm modified mode [ 'src/lib/create/from-string-and-array.js', 420, 436 ]
445 silly gunzTarPerm extractEntry src/lib/create/date-from-array.js
446 silly gunzTarPerm modified mode [ 'src/lib/create/date-from-array.js', 420, 436 ]
447 silly gunzTarPerm extractEntry src/lib/create/from-string.js
448 silly gunzTarPerm modified mode [ 'src/lib/create/from-string.js', 420, 436 ]
449 silly gunzTarPerm extractEntry src/lib/create/local.js
450 silly gunzTarPerm modified mode [ 'src/lib/create/local.js', 420, 436 ]
451 silly gunzTarPerm extractEntry src/lib/create/parsing-flags.js
452 silly gunzTarPerm modified mode [ 'src/lib/create/parsing-flags.js', 420, 436 ]
453 silly gunzTarPerm extractEntry src/lib/create/utc.js
454 silly gunzTarPerm modified mode [ 'src/lib/create/utc.js', 420, 436 ]
455 silly gunzTarPerm extractEntry src/lib/create/valid.js
456 silly gunzTarPerm modified mode [ 'src/lib/create/valid.js', 420, 436 ]
457 silly gunzTarPerm extractEntry src/lib/create/from-string-and-format.js
458 silly gunzTarPerm modified mode [ 'src/lib/create/from-string-and-format.js', 420, 436 ]
459 silly gunzTarPerm extractEntry src/lib/duration/abs.js
460 silly gunzTarPerm modified mode [ 'src/lib/duration/abs.js', 420, 436 ]
461 silly gunzTarPerm extractEntry src/lib/duration/as.js
462 silly gunzTarPerm modified mode [ 'src/lib/duration/as.js', 420, 436 ]
463 silly gunzTarPerm extractEntry src/lib/duration/bubble.js
464 silly gunzTarPerm modified mode [ 'src/lib/duration/bubble.js', 420, 436 ]
465 silly gunzTarPerm extractEntry src/lib/duration/constructor.js
466 silly gunzTarPerm modified mode [ 'src/lib/duration/constructor.js', 420, 436 ]
467 silly gunzTarPerm extractEntry src/lib/duration/add-subtract.js
468 silly gunzTarPerm modified mode [ 'src/lib/duration/add-subtract.js', 420, 436 ]
469 silly gunzTarPerm extractEntry src/lib/duration/duration.js
470 silly gunzTarPerm modified mode [ 'src/lib/duration/duration.js', 420, 436 ]
471 silly gunzTarPerm extractEntry src/lib/duration/get.js
472 silly gunzTarPerm modified mode [ 'src/lib/duration/get.js', 420, 436 ]
473 silly gunzTarPerm extractEntry src/lib/duration/humanize.js
474 silly gunzTarPerm modified mode [ 'src/lib/duration/humanize.js', 420, 436 ]
475 silly gunzTarPerm extractEntry src/lib/duration/iso-string.js
476 silly gunzTarPerm modified mode [ 'src/lib/duration/iso-string.js', 420, 436 ]
477 silly gunzTarPerm extractEntry src/lib/duration/prototype.js
478 silly gunzTarPerm modified mode [ 'src/lib/duration/prototype.js', 420, 436 ]
479 silly gunzTarPerm extractEntry src/lib/duration/create.js
480 silly gunzTarPerm modified mode [ 'src/lib/duration/create.js', 420, 436 ]
481 silly gunzTarPerm extractEntry src/lib/format/format.js
482 silly gunzTarPerm modified mode [ 'src/lib/format/format.js', 420, 436 ]
483 silly gunzTarPerm extractEntry src/lib/locale/base-config.js
484 silly gunzTarPerm modified mode [ 'src/lib/locale/base-config.js', 420, 436 ]
485 silly gunzTarPerm extractEntry src/lib/locale/en.js
486 silly gunzTarPerm modified mode [ 'src/lib/locale/en.js', 420, 436 ]
487 silly gunzTarPerm extractEntry src/lib/locale/formats.js
488 silly gunzTarPerm modified mode [ 'src/lib/locale/formats.js', 420, 436 ]
489 silly gunzTarPerm extractEntry src/lib/locale/invalid.js
490 silly gunzTarPerm modified mode [ 'src/lib/locale/invalid.js', 420, 436 ]
491 silly gunzTarPerm extractEntry src/lib/locale/lists.js
492 silly gunzTarPerm modified mode [ 'src/lib/locale/lists.js', 420, 436 ]
493 silly gunzTarPerm extractEntry src/lib/locale/constructor.js
494 silly gunzTarPerm modified mode [ 'src/lib/locale/constructor.js', 420, 436 ]
495 silly gunzTarPerm extractEntry src/lib/locale/locales.js
496 silly gunzTarPerm modified mode [ 'src/lib/locale/locales.js', 420, 436 ]
497 silly gunzTarPerm extractEntry src/lib/locale/ordinal.js
498 silly gunzTarPerm modified mode [ 'src/lib/locale/ordinal.js', 420, 436 ]
499 silly gunzTarPerm extractEntry src/lib/locale/pre-post-format.js
500 silly gunzTarPerm modified mode [ 'src/lib/locale/pre-post-format.js', 420, 436 ]
501 silly gunzTarPerm extractEntry src/lib/locale/prototype.js
502 silly gunzTarPerm modified mode [ 'src/lib/locale/prototype.js', 420, 436 ]
503 silly gunzTarPerm extractEntry src/lib/locale/relative.js
504 silly gunzTarPerm modified mode [ 'src/lib/locale/relative.js', 420, 436 ]
505 silly gunzTarPerm extractEntry src/lib/locale/calendar.js
506 silly gunzTarPerm modified mode [ 'src/lib/locale/calendar.js', 420, 436 ]
507 silly gunzTarPerm extractEntry src/lib/locale/set.js
508 silly gunzTarPerm modified mode [ 'src/lib/locale/set.js', 420, 436 ]
509 silly gunzTarPerm extractEntry src/lib/locale/locale.js
510 silly gunzTarPerm modified mode [ 'src/lib/locale/locale.js', 420, 436 ]
511 silly gunzTarPerm extractEntry src/lib/moment/add-subtract.js
512 silly gunzTarPerm modified mode [ 'src/lib/moment/add-subtract.js', 420, 436 ]
513 silly gunzTarPerm extractEntry src/lib/moment/diff.js
514 silly gunzTarPerm modified mode [ 'src/lib/moment/diff.js', 420, 436 ]
515 silly gunzTarPerm extractEntry src/lib/moment/format.js
516 silly gunzTarPerm modified mode [ 'src/lib/moment/format.js', 420, 436 ]
517 silly gunzTarPerm extractEntry src/lib/moment/from.js
518 silly gunzTarPerm modified mode [ 'src/lib/moment/from.js', 420, 436 ]
519 silly gunzTarPerm extractEntry src/lib/moment/creation-data.js
520 silly gunzTarPerm modified mode [ 'src/lib/moment/creation-data.js', 420, 436 ]
521 silly gunzTarPerm extractEntry src/lib/moment/locale.js
522 silly gunzTarPerm modified mode [ 'src/lib/moment/locale.js', 420, 436 ]
523 silly gunzTarPerm extractEntry src/lib/moment/min-max.js
524 silly gunzTarPerm modified mode [ 'src/lib/moment/min-max.js', 420, 436 ]
525 silly gunzTarPerm extractEntry src/lib/moment/moment.js
526 silly gunzTarPerm modified mode [ 'src/lib/moment/moment.js', 420, 436 ]
527 silly gunzTarPerm extractEntry src/lib/moment/now.js
528 silly gunzTarPerm modified mode [ 'src/lib/moment/now.js', 420, 436 ]
529 silly gunzTarPerm extractEntry src/lib/moment/prototype.js
530 silly gunzTarPerm modified mode [ 'src/lib/moment/prototype.js', 420, 436 ]
531 silly gunzTarPerm extractEntry src/lib/moment/constructor.js
532 silly gunzTarPerm modified mode [ 'src/lib/moment/constructor.js', 420, 436 ]
533 silly gunzTarPerm extractEntry src/lib/moment/start-end-of.js
534 silly gunzTarPerm modified mode [ 'src/lib/moment/start-end-of.js', 420, 436 ]
535 silly gunzTarPerm extractEntry src/lib/moment/compare.js
536 silly gunzTarPerm modified mode [ 'src/lib/moment/compare.js', 420, 436 ]
537 silly gunzTarPerm extractEntry src/lib/moment/to-type.js
538 silly gunzTarPerm modified mode [ 'src/lib/moment/to-type.js', 420, 436 ]
539 silly gunzTarPerm extractEntry src/lib/moment/clone.js
540 silly gunzTarPerm modified mode [ 'src/lib/moment/clone.js', 420, 436 ]
541 silly gunzTarPerm extractEntry src/lib/moment/to.js
542 silly gunzTarPerm modified mode [ 'src/lib/moment/to.js', 420, 436 ]
543 silly gunzTarPerm extractEntry src/lib/moment/calendar.js
544 silly gunzTarPerm modified mode [ 'src/lib/moment/calendar.js', 420, 436 ]
545 silly gunzTarPerm extractEntry src/lib/moment/valid.js
546 silly gunzTarPerm modified mode [ 'src/lib/moment/valid.js', 420, 436 ]
547 silly gunzTarPerm extractEntry src/lib/moment/get-set.js
548 silly gunzTarPerm modified mode [ 'src/lib/moment/get-set.js', 420, 436 ]
549 silly gunzTarPerm extractEntry src/lib/parse/regex.js
550 silly gunzTarPerm modified mode [ 'src/lib/parse/regex.js', 420, 436 ]
551 silly gunzTarPerm extractEntry src/lib/parse/token.js
552 silly gunzTarPerm modified mode [ 'src/lib/parse/token.js', 420, 436 ]
553 silly gunzTarPerm extractEntry src/lib/units/aliases.js
554 silly gunzTarPerm modified mode [ 'src/lib/units/aliases.js', 420, 436 ]
555 silly gunzTarPerm extractEntry src/lib/units/millisecond.js
556 silly gunzTarPerm modified mode [ 'src/lib/units/millisecond.js', 420, 436 ]
557 silly gunzTarPerm extractEntry src/lib/units/minute.js
558 silly gunzTarPerm modified mode [ 'src/lib/units/minute.js', 420, 436 ]
559 silly gunzTarPerm extractEntry src/lib/units/month.js
560 silly gunzTarPerm modified mode [ 'src/lib/units/month.js', 420, 436 ]
561 silly gunzTarPerm extractEntry src/lib/units/offset.js
562 silly gunzTarPerm modified mode [ 'src/lib/units/offset.js', 420, 436 ]
563 silly gunzTarPerm extractEntry src/lib/units/hour.js
564 silly gunzTarPerm modified mode [ 'src/lib/units/hour.js', 420, 436 ]
565 silly gunzTarPerm extractEntry src/lib/units/quarter.js
566 silly gunzTarPerm modified mode [ 'src/lib/units/quarter.js', 420, 436 ]
567 silly gunzTarPerm extractEntry src/lib/units/second.js
568 silly gunzTarPerm modified mode [ 'src/lib/units/second.js', 420, 436 ]
569 silly gunzTarPerm extractEntry src/lib/units/timestamp.js
570 silly gunzTarPerm modified mode [ 'src/lib/units/timestamp.js', 420, 436 ]
571 silly gunzTarPerm extractEntry src/lib/units/timezone.js
572 silly gunzTarPerm modified mode [ 'src/lib/units/timezone.js', 420, 436 ]
573 silly gunzTarPerm extractEntry src/lib/units/units.js
574 silly gunzTarPerm modified mode [ 'src/lib/units/units.js', 420, 436 ]
575 silly gunzTarPerm extractEntry src/lib/units/day-of-year.js
576 silly gunzTarPerm modified mode [ 'src/lib/units/day-of-year.js', 420, 436 ]
577 silly gunzTarPerm extractEntry src/lib/units/week-calendar-utils.js
578 silly gunzTarPerm modified mode [ 'src/lib/units/week-calendar-utils.js', 420, 436 ]
579 silly gunzTarPerm extractEntry src/lib/units/day-of-week.js
580 silly gunzTarPerm modified mode [ 'src/lib/units/day-of-week.js', 420, 436 ]
581 silly gunzTarPerm extractEntry src/lib/units/week-year.js
582 silly gunzTarPerm modified mode [ 'src/lib/units/week-year.js', 420, 436 ]
583 silly gunzTarPerm extractEntry src/lib/units/day-of-month.js
584 silly gunzTarPerm modified mode [ 'src/lib/units/day-of-month.js', 420, 436 ]
585 silly gunzTarPerm extractEntry src/lib/units/week.js
586 silly gunzTarPerm modified mode [ 'src/lib/units/week.js', 420, 436 ]
587 silly gunzTarPerm extractEntry src/lib/units/constants.js
588 silly gunzTarPerm modified mode [ 'src/lib/units/constants.js', 420, 436 ]
589 silly gunzTarPerm extractEntry src/lib/units/year.js
590 silly gunzTarPerm modified mode [ 'src/lib/units/year.js', 420, 436 ]
591 silly gunzTarPerm extractEntry src/lib/units/priorities.js
592 silly gunzTarPerm modified mode [ 'src/lib/units/priorities.js', 420, 436 ]
593 silly gunzTarPerm extractEntry src/lib/utils/abs-ceil.js
594 silly gunzTarPerm modified mode [ 'src/lib/utils/abs-ceil.js', 420, 436 ]
595 silly gunzTarPerm extractEntry src/lib/utils/has-own-prop.js
596 silly gunzTarPerm modified mode [ 'src/lib/utils/has-own-prop.js', 420, 436 ]
597 silly gunzTarPerm extractEntry src/lib/utils/hooks.js
598 silly gunzTarPerm modified mode [ 'src/lib/utils/hooks.js', 420, 436 ]
599 silly gunzTarPerm extractEntry src/lib/utils/index-of.js
600 silly gunzTarPerm modified mode [ 'src/lib/utils/index-of.js', 420, 436 ]
601 silly gunzTarPerm extractEntry src/lib/utils/is-array.js
602 silly gunzTarPerm modified mode [ 'src/lib/utils/is-array.js', 420, 436 ]
603 silly gunzTarPerm extractEntry src/lib/utils/extend.js
604 silly gunzTarPerm modified mode [ 'src/lib/utils/extend.js', 420, 436 ]
605 silly gunzTarPerm extractEntry src/lib/utils/is-function.js
606 silly gunzTarPerm modified mode [ 'src/lib/utils/is-function.js', 420, 436 ]
607 silly gunzTarPerm extractEntry src/lib/utils/is-number.js
608 silly gunzTarPerm modified mode [ 'src/lib/utils/is-number.js', 420, 436 ]
609 silly gunzTarPerm extractEntry src/lib/utils/is-object-empty.js
610 silly gunzTarPerm modified mode [ 'src/lib/utils/is-object-empty.js', 420, 436 ]
611 silly gunzTarPerm extractEntry src/lib/utils/is-object.js
612 silly gunzTarPerm modified mode [ 'src/lib/utils/is-object.js', 420, 436 ]
613 silly gunzTarPerm extractEntry src/lib/utils/is-undefined.js
614 silly gunzTarPerm modified mode [ 'src/lib/utils/is-undefined.js', 420, 436 ]
615 silly gunzTarPerm extractEntry src/lib/utils/deprecate.js
616 silly gunzTarPerm modified mode [ 'src/lib/utils/deprecate.js', 420, 436 ]
617 silly gunzTarPerm extractEntry src/lib/utils/keys.js
618 silly gunzTarPerm modified mode [ 'src/lib/utils/keys.js', 420, 436 ]
619 silly gunzTarPerm extractEntry src/lib/utils/defaults.js
620 silly gunzTarPerm modified mode [ 'src/lib/utils/defaults.js', 420, 436 ]
621 silly gunzTarPerm extractEntry src/lib/utils/map.js
622 silly gunzTarPerm modified mode [ 'src/lib/utils/map.js', 420, 436 ]
623 silly gunzTarPerm extractEntry src/lib/utils/compare-arrays.js
624 silly gunzTarPerm modified mode [ 'src/lib/utils/compare-arrays.js', 420, 436 ]
625 silly gunzTarPerm extractEntry src/lib/utils/some.js
626 silly gunzTarPerm modified mode [ 'src/lib/utils/some.js', 420, 436 ]
627 silly gunzTarPerm extractEntry src/lib/utils/abs-round.js
628 silly gunzTarPerm modified mode [ 'src/lib/utils/abs-round.js', 420, 436 ]
629 silly gunzTarPerm extractEntry src/lib/utils/to-int.js
630 silly gunzTarPerm modified mode [ 'src/lib/utils/to-int.js', 420, 436 ]
631 silly gunzTarPerm extractEntry src/lib/utils/abs-floor.js
632 silly gunzTarPerm modified mode [ 'src/lib/utils/abs-floor.js', 420, 436 ]
633 silly gunzTarPerm extractEntry src/lib/utils/zero-fill.js
634 silly gunzTarPerm modified mode [ 'src/lib/utils/zero-fill.js', 420, 436 ]
635 silly gunzTarPerm extractEntry src/lib/utils/is-date.js
636 silly gunzTarPerm modified mode [ 'src/lib/utils/is-date.js', 420, 436 ]
637 silly gunzTarPerm extractEntry src/locale/af.js
638 silly gunzTarPerm modified mode [ 'src/locale/af.js', 420, 436 ]
639 silly gunzTarPerm extractEntry src/locale/ja.js
640 silly gunzTarPerm modified mode [ 'src/locale/ja.js', 420, 436 ]
641 silly gunzTarPerm extractEntry src/locale/jv.js
642 silly gunzTarPerm modified mode [ 'src/locale/jv.js', 420, 436 ]
643 silly gunzTarPerm extractEntry src/locale/ka.js
644 silly gunzTarPerm modified mode [ 'src/locale/ka.js', 420, 436 ]
645 silly gunzTarPerm extractEntry src/locale/it.js
646 silly gunzTarPerm modified mode [ 'src/locale/it.js', 420, 436 ]
647 silly gunzTarPerm extractEntry src/locale/km.js
648 silly gunzTarPerm modified mode [ 'src/locale/km.js', 420, 436 ]
649 silly gunzTarPerm extractEntry src/locale/ko.js
650 silly gunzTarPerm modified mode [ 'src/locale/ko.js', 420, 436 ]
651 silly gunzTarPerm extractEntry src/locale/ky.js
652 silly gunzTarPerm modified mode [ 'src/locale/ky.js', 420, 436 ]
653 silly gunzTarPerm extractEntry src/locale/lb.js
654 silly gunzTarPerm modified mode [ 'src/locale/lb.js', 420, 436 ]
655 silly gunzTarPerm extractEntry src/locale/lo.js
656 silly gunzTarPerm modified mode [ 'src/locale/lo.js', 420, 436 ]
657 silly gunzTarPerm extractEntry src/locale/is.js
658 silly gunzTarPerm modified mode [ 'src/locale/is.js', 420, 436 ]
659 silly gunzTarPerm extractEntry src/locale/lt.js
660 silly gunzTarPerm modified mode [ 'src/locale/lt.js', 420, 436 ]
661 silly gunzTarPerm extractEntry src/locale/id.js
662 silly gunzTarPerm modified mode [ 'src/locale/id.js', 420, 436 ]
663 silly gunzTarPerm extractEntry src/locale/lv.js
664 silly gunzTarPerm modified mode [ 'src/locale/lv.js', 420, 436 ]
665 silly gunzTarPerm extractEntry src/locale/hy-am.js
666 silly gunzTarPerm modified mode [ 'src/locale/hy-am.js', 420, 436 ]
667 silly gunzTarPerm extractEntry src/locale/me.js
668 silly gunzTarPerm modified mode [ 'src/locale/me.js', 420, 436 ]
669 silly gunzTarPerm extractEntry src/locale/hu.js
670 silly gunzTarPerm modified mode [ 'src/locale/hu.js', 420, 436 ]
671 silly gunzTarPerm extractEntry src/locale/mi.js
672 silly gunzTarPerm modified mode [ 'src/locale/mi.js', 420, 436 ]
673 silly gunzTarPerm extractEntry src/locale/hr.js
674 silly gunzTarPerm modified mode [ 'src/locale/hr.js', 420, 436 ]
675 silly gunzTarPerm extractEntry src/locale/mk.js
676 silly gunzTarPerm modified mode [ 'src/locale/mk.js', 420, 436 ]
677 silly gunzTarPerm extractEntry src/locale/hi.js
678 silly gunzTarPerm modified mode [ 'src/locale/hi.js', 420, 436 ]
679 silly gunzTarPerm extractEntry src/locale/ml.js
680 silly gunzTarPerm modified mode [ 'src/locale/ml.js', 420, 436 ]
681 silly gunzTarPerm extractEntry src/locale/he.js
682 silly gunzTarPerm modified mode [ 'src/locale/he.js', 420, 436 ]
683 silly gunzTarPerm extractEntry src/locale/mr.js
684 silly gunzTarPerm modified mode [ 'src/locale/mr.js', 420, 436 ]
685 silly gunzTarPerm extractEntry src/locale/gl.js
686 silly gunzTarPerm modified mode [ 'src/locale/gl.js', 420, 436 ]
687 silly gunzTarPerm extractEntry src/locale/ms-my.js
688 silly gunzTarPerm modified mode [ 'src/locale/ms-my.js', 420, 436 ]
689 silly gunzTarPerm extractEntry src/locale/gd.js
690 silly gunzTarPerm modified mode [ 'src/locale/gd.js', 420, 436 ]
691 silly gunzTarPerm extractEntry src/locale/ms.js
692 silly gunzTarPerm modified mode [ 'src/locale/ms.js', 420, 436 ]
693 silly gunzTarPerm extractEntry src/locale/fy.js
694 silly gunzTarPerm modified mode [ 'src/locale/fy.js', 420, 436 ]
695 silly gunzTarPerm extractEntry src/locale/my.js
696 silly gunzTarPerm modified mode [ 'src/locale/my.js', 420, 436 ]
697 silly gunzTarPerm extractEntry src/locale/fr.js
698 silly gunzTarPerm modified mode [ 'src/locale/fr.js', 420, 436 ]
699 silly gunzTarPerm extractEntry src/locale/nb.js
700 silly gunzTarPerm modified mode [ 'src/locale/nb.js', 420, 436 ]
701 silly gunzTarPerm extractEntry src/locale/fr-ch.js
702 silly gunzTarPerm modified mode [ 'src/locale/fr-ch.js', 420, 436 ]
703 silly gunzTarPerm extractEntry src/locale/ne.js
704 silly gunzTarPerm modified mode [ 'src/locale/ne.js', 420, 436 ]
705 silly gunzTarPerm extractEntry src/locale/fr-ca.js
706 silly gunzTarPerm modified mode [ 'src/locale/fr-ca.js', 420, 436 ]
707 silly gunzTarPerm extractEntry src/locale/nl-be.js
708 silly gunzTarPerm modified mode [ 'src/locale/nl-be.js', 420, 436 ]
709 silly gunzTarPerm extractEntry src/locale/fo.js
710 silly gunzTarPerm modified mode [ 'src/locale/fo.js', 420, 436 ]
711 silly gunzTarPerm extractEntry src/locale/nl.js
712 silly gunzTarPerm modified mode [ 'src/locale/nl.js', 420, 436 ]
713 silly gunzTarPerm extractEntry src/locale/fi.js
714 silly gunzTarPerm modified mode [ 'src/locale/fi.js', 420, 436 ]
715 silly gunzTarPerm extractEntry src/locale/nn.js
716 silly gunzTarPerm modified mode [ 'src/locale/nn.js', 420, 436 ]
717 silly gunzTarPerm extractEntry src/locale/fa.js
718 silly gunzTarPerm modified mode [ 'src/locale/fa.js', 420, 436 ]
719 silly gunzTarPerm extractEntry src/locale/pa-in.js
720 silly gunzTarPerm modified mode [ 'src/locale/pa-in.js', 420, 436 ]
721 silly gunzTarPerm extractEntry src/locale/eu.js
722 silly gunzTarPerm modified mode [ 'src/locale/eu.js', 420, 436 ]
723 silly gunzTarPerm extractEntry src/locale/pl.js
724 silly gunzTarPerm modified mode [ 'src/locale/pl.js', 420, 436 ]
725 silly gunzTarPerm extractEntry src/locale/et.js
726 silly gunzTarPerm modified mode [ 'src/locale/et.js', 420, 436 ]
727 silly gunzTarPerm extractEntry src/locale/pt-br.js
728 silly gunzTarPerm modified mode [ 'src/locale/pt-br.js', 420, 436 ]
729 silly gunzTarPerm extractEntry src/locale/es.js
730 silly gunzTarPerm modified mode [ 'src/locale/es.js', 420, 436 ]
731 silly gunzTarPerm extractEntry src/locale/pt.js
732 silly gunzTarPerm modified mode [ 'src/locale/pt.js', 420, 436 ]
733 silly gunzTarPerm extractEntry src/locale/es-do.js
734 silly gunzTarPerm modified mode [ 'src/locale/es-do.js', 420, 436 ]
735 silly gunzTarPerm extractEntry src/locale/ro.js
736 silly gunzTarPerm modified mode [ 'src/locale/ro.js', 420, 436 ]
737 silly gunzTarPerm extractEntry src/locale/eo.js
738 silly gunzTarPerm modified mode [ 'src/locale/eo.js', 420, 436 ]
739 silly gunzTarPerm extractEntry src/locale/ru.js
740 silly gunzTarPerm modified mode [ 'src/locale/ru.js', 420, 436 ]
741 silly gunzTarPerm extractEntry src/locale/en-nz.js
742 silly gunzTarPerm modified mode [ 'src/locale/en-nz.js', 420, 436 ]
743 silly gunzTarPerm extractEntry src/locale/se.js
744 silly gunzTarPerm modified mode [ 'src/locale/se.js', 420, 436 ]
745 silly gunzTarPerm extractEntry src/locale/en-ie.js
746 silly gunzTarPerm modified mode [ 'src/locale/en-ie.js', 420, 436 ]
747 silly gunzTarPerm extractEntry src/locale/si.js
748 silly gunzTarPerm modified mode [ 'src/locale/si.js', 420, 436 ]
749 silly gunzTarPerm extractEntry src/locale/en-gb.js
750 silly gunzTarPerm modified mode [ 'src/locale/en-gb.js', 420, 436 ]
751 silly gunzTarPerm extractEntry src/locale/sk.js
752 silly gunzTarPerm modified mode [ 'src/locale/sk.js', 420, 436 ]
753 silly gunzTarPerm extractEntry src/locale/en-ca.js
754 silly gunzTarPerm modified mode [ 'src/locale/en-ca.js', 420, 436 ]
755 silly gunzTarPerm extractEntry src/locale/sl.js
756 silly gunzTarPerm modified mode [ 'src/locale/sl.js', 420, 436 ]
757 silly gunzTarPerm extractEntry src/locale/en-au.js
758 silly gunzTarPerm modified mode [ 'src/locale/en-au.js', 420, 436 ]
759 silly gunzTarPerm extractEntry src/locale/sq.js
760 silly gunzTarPerm modified mode [ 'src/locale/sq.js', 420, 436 ]
761 silly gunzTarPerm extractEntry src/locale/el.js
762 silly gunzTarPerm modified mode [ 'src/locale/el.js', 420, 436 ]
763 silly gunzTarPerm extractEntry src/locale/sr-cyrl.js
764 silly gunzTarPerm modified mode [ 'src/locale/sr-cyrl.js', 420, 436 ]
765 silly gunzTarPerm extractEntry src/locale/dv.js
766 silly gunzTarPerm modified mode [ 'src/locale/dv.js', 420, 436 ]
767 silly gunzTarPerm extractEntry src/locale/sr.js
768 silly gunzTarPerm modified mode [ 'src/locale/sr.js', 420, 436 ]
769 silly gunzTarPerm extractEntry src/locale/de.js
770 silly gunzTarPerm modified mode [ 'src/locale/de.js', 420, 436 ]
771 silly gunzTarPerm extractEntry src/locale/ss.js
772 silly gunzTarPerm modified mode [ 'src/locale/ss.js', 420, 436 ]
773 silly gunzTarPerm extractEntry src/locale/de-at.js
774 silly gunzTarPerm modified mode [ 'src/locale/de-at.js', 420, 436 ]
775 silly gunzTarPerm extractEntry src/locale/sv.js
776 silly gunzTarPerm modified mode [ 'src/locale/sv.js', 420, 436 ]
777 silly gunzTarPerm extractEntry src/locale/da.js
778 silly gunzTarPerm modified mode [ 'src/locale/da.js', 420, 436 ]
779 silly gunzTarPerm extractEntry src/locale/sw.js
780 silly gunzTarPerm modified mode [ 'src/locale/sw.js', 420, 436 ]
781 silly gunzTarPerm extractEntry src/locale/cy.js
782 silly gunzTarPerm modified mode [ 'src/locale/cy.js', 420, 436 ]
783 silly gunzTarPerm extractEntry src/locale/ta.js
784 silly gunzTarPerm modified mode [ 'src/locale/ta.js', 420, 436 ]
785 silly gunzTarPerm extractEntry src/locale/cv.js
786 silly gunzTarPerm modified mode [ 'src/locale/cv.js', 420, 436 ]
787 silly gunzTarPerm extractEntry src/locale/te.js
788 silly gunzTarPerm modified mode [ 'src/locale/te.js', 420, 436 ]
789 silly gunzTarPerm extractEntry src/locale/cs.js
790 silly gunzTarPerm modified mode [ 'src/locale/cs.js', 420, 436 ]
791 silly gunzTarPerm extractEntry src/locale/tet.js
792 silly gunzTarPerm modified mode [ 'src/locale/tet.js', 420, 436 ]
793 silly gunzTarPerm extractEntry src/locale/ca.js
794 silly gunzTarPerm modified mode [ 'src/locale/ca.js', 420, 436 ]
795 silly gunzTarPerm extractEntry src/locale/th.js
796 silly gunzTarPerm modified mode [ 'src/locale/th.js', 420, 436 ]
797 silly gunzTarPerm extractEntry src/locale/bs.js
798 silly gunzTarPerm modified mode [ 'src/locale/bs.js', 420, 436 ]
799 silly gunzTarPerm extractEntry src/locale/tl-ph.js
800 silly gunzTarPerm modified mode [ 'src/locale/tl-ph.js', 420, 436 ]
801 silly gunzTarPerm extractEntry src/locale/br.js
802 silly gunzTarPerm modified mode [ 'src/locale/br.js', 420, 436 ]
803 silly gunzTarPerm extractEntry src/locale/tlh.js
804 silly gunzTarPerm modified mode [ 'src/locale/tlh.js', 420, 436 ]
805 silly gunzTarPerm extractEntry src/locale/bo.js
806 silly gunzTarPerm modified mode [ 'src/locale/bo.js', 420, 436 ]
807 silly gunzTarPerm extractEntry src/locale/tr.js
808 silly gunzTarPerm modified mode [ 'src/locale/tr.js', 420, 436 ]
809 silly gunzTarPerm extractEntry src/locale/bn.js
810 silly gunzTarPerm modified mode [ 'src/locale/bn.js', 420, 436 ]
811 silly gunzTarPerm extractEntry src/locale/tzl.js
812 silly gunzTarPerm modified mode [ 'src/locale/tzl.js', 420, 436 ]
813 silly gunzTarPerm extractEntry src/locale/bg.js
814 silly gunzTarPerm modified mode [ 'src/locale/bg.js', 420, 436 ]
815 silly gunzTarPerm extractEntry src/locale/tzm-latn.js
816 silly gunzTarPerm modified mode [ 'src/locale/tzm-latn.js', 420, 436 ]
817 silly gunzTarPerm extractEntry src/locale/bg-x.js
818 silly gunzTarPerm modified mode [ 'src/locale/bg-x.js', 420, 436 ]
819 silly gunzTarPerm extractEntry src/locale/tzm.js
820 silly gunzTarPerm modified mode [ 'src/locale/tzm.js', 420, 436 ]
821 silly gunzTarPerm extractEntry src/locale/be.js
822 silly gunzTarPerm modified mode [ 'src/locale/be.js', 420, 436 ]
823 silly gunzTarPerm extractEntry src/locale/uk.js
824 silly gunzTarPerm modified mode [ 'src/locale/uk.js', 420, 436 ]
825 silly gunzTarPerm extractEntry src/locale/az.js
826 silly gunzTarPerm modified mode [ 'src/locale/az.js', 420, 436 ]
827 silly gunzTarPerm extractEntry src/locale/uz.js
828 silly gunzTarPerm modified mode [ 'src/locale/uz.js', 420, 436 ]
829 silly gunzTarPerm extractEntry src/locale/ar.js
830 silly gunzTarPerm modified mode [ 'src/locale/ar.js', 420, 436 ]
831 silly gunzTarPerm extractEntry src/locale/vi.js
832 silly gunzTarPerm modified mode [ 'src/locale/vi.js', 420, 436 ]
833 silly gunzTarPerm extractEntry src/locale/ar-tn.js
834 silly gunzTarPerm modified mode [ 'src/locale/ar-tn.js', 420, 436 ]
835 silly gunzTarPerm extractEntry src/locale/x-pseudo.js
836 silly gunzTarPerm modified mode [ 'src/locale/x-pseudo.js', 420, 436 ]
837 silly gunzTarPerm extractEntry src/locale/ar-sa.js
838 silly gunzTarPerm modified mode [ 'src/locale/ar-sa.js', 420, 436 ]
839 silly gunzTarPerm extractEntry src/locale/yo.js
840 silly gunzTarPerm modified mode [ 'src/locale/yo.js', 420, 436 ]
841 silly gunzTarPerm extractEntry src/locale/ar-ma.js
842 silly gunzTarPerm modified mode [ 'src/locale/ar-ma.js', 420, 436 ]
843 silly gunzTarPerm extractEntry src/locale/zh-cn.js
844 silly gunzTarPerm modified mode [ 'src/locale/zh-cn.js', 420, 436 ]
845 silly gunzTarPerm extractEntry src/locale/ar-ly.js
846 silly gunzTarPerm modified mode [ 'src/locale/ar-ly.js', 420, 436 ]
847 silly gunzTarPerm extractEntry src/locale/zh-hk.js
848 silly gunzTarPerm modified mode [ 'src/locale/zh-hk.js', 420, 436 ]
849 silly gunzTarPerm extractEntry src/locale/ar-dz.js
850 silly gunzTarPerm modified mode [ 'src/locale/ar-dz.js', 420, 436 ]
851 silly gunzTarPerm extractEntry src/locale/zh-tw.js
852 silly gunzTarPerm modified mode [ 'src/locale/zh-tw.js', 420, 436 ]
853 silly gunzTarPerm extractEntry src/locale/kk.js
854 silly gunzTarPerm modified mode [ 'src/locale/kk.js', 420, 436 ]
855 silly gentlyRm /home/lakshan/NodeJSProjects/WireMeServer/node_modules/.staging/moment-c878ab1e/node_modules is being purged
856 verbose gentlyRm don't care about contents; nuking /home/lakshan/NodeJSProjects/WireMeServer/node_modules/.staging/moment-c878ab1e/node_modules
857 silly doParallel preinstall 2
858 silly preinstall moment@2.17.0 /home/lakshan/NodeJSProjects/WireMeServer/node_modules/.staging/moment-c878ab1e
859 info lifecycle moment@2.17.0~preinstall: moment@2.17.0
860 silly preinstall epoch@0.1.0 /home/lakshan/NodeJSProjects/WireMeServer/node_modules/.staging/epoch-a1e844cb
861 info lifecycle epoch@0.1.0~preinstall: epoch@0.1.0
862 silly lifecycle moment@2.17.0~preinstall: no script for preinstall, continuing
863 silly lifecycle epoch@0.1.0~preinstall: no script for preinstall, continuing
864 silly doReverseSerial remove 0
865 silly doSerial move 0
866 silly doSerial finalize 2
867 silly finalize /home/lakshan/NodeJSProjects/WireMeServer/node_modules/moment
868 silly finalize /home/lakshan/NodeJSProjects/WireMeServer/node_modules/epoch
869 silly doSerial build 2
870 silly build moment@2.17.0
871 info linkStuff moment@2.17.0
872 silly linkStuff moment@2.17.0 has /home/lakshan/NodeJSProjects/WireMeServer/node_modules as its parent node_modules
873 verbose linkBins moment@2.17.0
874 verbose linkMans moment@2.17.0
875 silly build epoch@0.1.0
876 info linkStuff epoch@0.1.0
877 silly linkStuff epoch@0.1.0 has /home/lakshan/NodeJSProjects/WireMeServer/node_modules as its parent node_modules
878 verbose linkBins epoch@0.1.0
879 verbose link bins [ { epoch: './bin/epoch' },
879 verbose link bins   '/home/lakshan/NodeJSProjects/WireMeServer/node_modules/.bin',
879 verbose link bins   false ]
880 verbose linkMans epoch@0.1.0
881 verbose unlock done using /home/lakshan/.npm/_locks/staging-6851081dbaaf5851.lock for /home/lakshan/NodeJSProjects/WireMeServer/node_modules/.staging
882 silly rollbackFailedOptional Starting
883 silly rollbackFailedOptional Finishing
884 silly runTopLevelLifecycles Finishing
885 silly install printInstalled
886 verbose stack Error: ENOENT: no such file or directory, chmod '/home/lakshan/NodeJSProjects/WireMeServer/node_modules/epoch/bin/epoch'
886 verbose stack     at Error (native)
887 verbose cwd /home/lakshan/NodeJSProjects/WireMeServer
888 error Linux 3.13.0-101-generic
889 error argv "/usr/bin/nodejs" "/usr/bin/npm" "install" "epoch"
890 error node v4.5.0
891 error npm  v3.10.7
892 error path /home/lakshan/NodeJSProjects/WireMeServer/node_modules/epoch/bin/epoch
893 error code ENOENT
894 error errno -2
895 error syscall chmod
896 error enoent ENOENT: no such file or directory, chmod '/home/lakshan/NodeJSProjects/WireMeServer/node_modules/epoch/bin/epoch'
897 error enoent ENOENT: no such file or directory, chmod '/home/lakshan/NodeJSProjects/WireMeServer/node_modules/epoch/bin/epoch'
897 error enoent This is most likely not a problem with npm itself
897 error enoent and is related to npm not being able to find a file.
898 verbose exit [ -2, true ]
